{"uuid":"65d1f1a7-da66-4ec4-ae02-f9e3defbeaee","historyId":"a2fd6f847eab864486ffeaae66e93dfb","fullName":"TestCase.HomeTest.testSortProductAZ","labels":[{"name":"package","value":"TestCase.HomeTest"},{"name":"testClass","value":"TestCase.HomeTest"},{"name":"testMethod","value":"testSortProductAZ"},{"name":"parentSuite","value":"Sauce_demo"},{"name":"suite","value":"Selenium_PJ_Test"},{"name":"subSuite","value":"TestCase.HomeTest"},{"name":"host","value":"DESKTOP-NOCLH30"},{"name":"thread","value":"16772@DESKTOP-NOCLH30.main(1)"},{"name":"framework","value":"testng"},{"name":"language","value":"java"},{"name":"feature","value":"HomeTest Test"},{"name":"epic","value":"Regression Test Automation Practice"}],"links":[],"name":"testSortProductAZ","status":"failed","statusDetails":{"known":false,"muted":false,"flaky":false,"message":"The title of Login page not match. expected [true] but found [false]","trace":"java.lang.AssertionError: The title of Login page not match. expected [true] but found [false]\r\n\tat org.testng.Assert.fail(Assert.java:99)\r\n\tat org.testng.Assert.failNotEquals(Assert.java:1037)\r\n\tat org.testng.Assert.assertTrue(Assert.java:45)\r\n\tat Setup.project.pages.Home.HomePage.testSortProductAZ(HomePage.java:69)\r\n\tat TestCase.HomeTest.testSortProductAZ(HomeTest.java:34)\r\n\tat java.base/jdk.internal.reflect.DirectMethodHandleAccessor.invoke(DirectMethodHandleAccessor.java:104)\r\n\tat java.base/java.lang.reflect.Method.invoke(Method.java:578)\r\n\tat org.testng.internal.MethodInvocationHelper.invokeMethod(MethodInvocationHelper.java:133)\r\n\tat org.testng.internal.TestInvoker.invokeMethod(TestInvoker.java:598)\r\n\tat org.testng.internal.TestInvoker.invokeTestMethod(TestInvoker.java:173)\r\n\tat org.testng.internal.MethodRunner.runInSequence(MethodRunner.java:46)\r\n\tat org.testng.internal.TestInvoker$MethodInvocationAgent.invoke(TestInvoker.java:824)\r\n\tat org.testng.internal.TestInvoker.invokeTestMethods(TestInvoker.java:146)\r\n\tat org.testng.internal.TestMethodWorker.invokeTestMethods(TestMethodWorker.java:146)\r\n\tat org.testng.internal.TestMethodWorker.run(TestMethodWorker.java:128)\r\n\tat java.base/java.util.ArrayList.forEach(ArrayList.java:1511)\r\n\tat org.testng.TestRunner.privateRun(TestRunner.java:794)\r\n\tat org.testng.TestRunner.run(TestRunner.java:596)\r\n\tat org.testng.SuiteRunner.runTest(SuiteRunner.java:377)\r\n\tat org.testng.SuiteRunner.runSequentially(SuiteRunner.java:371)\r\n\tat org.testng.SuiteRunner.privateRun(SuiteRunner.java:332)\r\n\tat org.testng.SuiteRunner.run(SuiteRunner.java:276)\r\n\tat org.testng.SuiteRunnerWorker.runSuite(SuiteRunnerWorker.java:53)\r\n\tat org.testng.SuiteRunnerWorker.run(SuiteRunnerWorker.java:96)\r\n\tat org.testng.TestNG.runSuitesSequentially(TestNG.java:1212)\r\n\tat org.testng.TestNG.runSuitesLocally(TestNG.java:1134)\r\n\tat org.testng.TestNG.runSuites(TestNG.java:1063)\r\n\tat org.testng.TestNG.run(TestNG.java:1031)\r\n\tat com.intellij.rt.testng.IDEARemoteTestNG.run(IDEARemoteTestNG.java:66)\r\n\tat com.intellij.rt.testng.RemoteTestNGStarter.main(RemoteTestNGStarter.java:109)\r\n"},"stage":"finished","steps":[{"name":"Get Page Title","status":"passed","stage":"finished","steps":[],"attachments":[{"name":"Get Current Page Title: ","source":"12cc31b8-6072-4cc9-a1b1-7844f0276170-attachment","type":"text/plain"}],"parameters":[],"start":1671639029807,"stop":1671639029842}],"attachments":[{"name":"Failed test screenshot","source":"26beb124-df29-4fb1-b604-cc5e93be659b-attachment","type":"image/png"},{"name":"java.lang.AssertionError: The title of Login page not match. expected [true] but found [false]","source":"61e3041e-2502-4bff-afdb-6aa6d62fa3b6-attachment","type":"text/plain"}],"parameters":[{"name":"URL","value":"https://www.saucedemo.com/"},{"name":"browserType","value":"chrome"}],"start":1671639029674,"stop":1671639031110}