{"uuid":"6d5bdd94-bb16-48cd-ace4-f2759e7d775b","historyId":"94b327362f484522f5fc97d1f11dcde1","fullName":"TestCase.LoginTest.loginTestDataProvider","labels":[{"name":"package","value":"TestCase.LoginTest"},{"name":"testClass","value":"TestCase.LoginTest"},{"name":"testMethod","value":"loginTestDataProvider"},{"name":"parentSuite","value":"Saucedemo"},{"name":"suite","value":"Selenium_PJ_Test"},{"name":"subSuite","value":"TestCase.LoginTest"},{"name":"host","value":"DESKTOP-NOCLH30"},{"name":"thread","value":"868@DESKTOP-NOCLH30.main(1)"},{"name":"framework","value":"testng"},{"name":"language","value":"java"},{"name":"feature","value":"Login Test"},{"name":"epic","value":"Regression Test Automation Practice"}],"links":[],"name":"loginTestDataProvider","status":"broken","statusDetails":{"known":false,"muted":false,"flaky":false,"message":"Keys to send should be a not null CharSequence","trace":"java.lang.IllegalArgumentException: Keys to send should be a not null CharSequence\r\n\tat org.openqa.selenium.remote.RemoteWebElement.sendKeys(RemoteWebElement.java:98)\r\n\tat Common.handle.WebUI.setText(WebUI.java:1537)\r\n\tat Setup.project.pages.Login.LoginPage.loginInvalidUsername(LoginPage.java:35)\r\n\tat TestCase.LoginTest.loginTestDataProvider(LoginTest.java:25)\r\n\tat java.base/jdk.internal.reflect.DirectMethodHandleAccessor.invoke(DirectMethodHandleAccessor.java:104)\r\n\tat java.base/java.lang.reflect.Method.invoke(Method.java:578)\r\n\tat org.testng.internal.MethodInvocationHelper.invokeMethod(MethodInvocationHelper.java:133)\r\n\tat org.testng.internal.TestInvoker.invokeMethod(TestInvoker.java:598)\r\n\tat org.testng.internal.TestInvoker.invokeTestMethod(TestInvoker.java:173)\r\n\tat org.testng.internal.MethodRunner.runInSequence(MethodRunner.java:46)\r\n\tat org.testng.internal.TestInvoker$MethodInvocationAgent.invoke(TestInvoker.java:824)\r\n\tat org.testng.internal.TestInvoker.invokeTestMethods(TestInvoker.java:146)\r\n\tat org.testng.internal.TestMethodWorker.invokeTestMethods(TestMethodWorker.java:146)\r\n\tat org.testng.internal.TestMethodWorker.run(TestMethodWorker.java:128)\r\n\tat java.base/java.util.ArrayList.forEach(ArrayList.java:1511)\r\n\tat org.testng.TestRunner.privateRun(TestRunner.java:794)\r\n\tat org.testng.TestRunner.run(TestRunner.java:596)\r\n\tat org.testng.SuiteRunner.runTest(SuiteRunner.java:377)\r\n\tat org.testng.SuiteRunner.runSequentially(SuiteRunner.java:371)\r\n\tat org.testng.SuiteRunner.privateRun(SuiteRunner.java:332)\r\n\tat org.testng.SuiteRunner.run(SuiteRunner.java:276)\r\n\tat org.testng.SuiteRunnerWorker.runSuite(SuiteRunnerWorker.java:53)\r\n\tat org.testng.SuiteRunnerWorker.run(SuiteRunnerWorker.java:96)\r\n\tat org.testng.TestNG.runSuitesSequentially(TestNG.java:1212)\r\n\tat org.testng.TestNG.runSuitesLocally(TestNG.java:1134)\r\n\tat org.testng.TestNG.runSuites(TestNG.java:1063)\r\n\tat org.testng.TestNG.run(TestNG.java:1031)\r\n\tat com.intellij.rt.testng.IDEARemoteTestNG.run(IDEARemoteTestNG.java:66)\r\n\tat com.intellij.rt.testng.RemoteTestNGStarter.main(RemoteTestNGStarter.java:109)\r\n"},"stage":"finished","steps":[{"name":"loginTestDataProvider","status":"broken","statusDetails":{"known":false,"muted":false,"flaky":false,"message":"Keys to send should be a not null CharSequence","trace":"java.lang.IllegalArgumentException: Keys to send should be a not null CharSequence\r\n\tat org.openqa.selenium.remote.RemoteWebElement.sendKeys(RemoteWebElement.java:98)\r\n\tat Common.handle.WebUI.setText(WebUI.java:1537)\r\n\tat Setup.project.pages.Login.LoginPage.loginInvalidUsername(LoginPage.java:35)\r\n\tat TestCase.LoginTest.loginTestDataProvider(LoginTest.java:25)\r\n\tat java.base/jdk.internal.reflect.DirectMethodHandleAccessor.invoke(DirectMethodHandleAccessor.java:104)\r\n\tat java.base/java.lang.reflect.Method.invoke(Method.java:578)\r\n\tat org.testng.internal.MethodInvocationHelper.invokeMethod(MethodInvocationHelper.java:133)\r\n\tat org.testng.internal.TestInvoker.invokeMethod(TestInvoker.java:598)\r\n\tat org.testng.internal.TestInvoker.invokeTestMethod(TestInvoker.java:173)\r\n\tat org.testng.internal.MethodRunner.runInSequence(MethodRunner.java:46)\r\n\tat org.testng.internal.TestInvoker$MethodInvocationAgent.invoke(TestInvoker.java:824)\r\n\tat org.testng.internal.TestInvoker.invokeTestMethods(TestInvoker.java:146)\r\n\tat org.testng.internal.TestMethodWorker.invokeTestMethods(TestMethodWorker.java:146)\r\n\tat org.testng.internal.TestMethodWorker.run(TestMethodWorker.java:128)\r\n\tat java.base/java.util.ArrayList.forEach(ArrayList.java:1511)\r\n\tat org.testng.TestRunner.privateRun(TestRunner.java:794)\r\n\tat org.testng.TestRunner.run(TestRunner.java:596)\r\n\tat org.testng.SuiteRunner.runTest(SuiteRunner.java:377)\r\n\tat org.testng.SuiteRunner.runSequentially(SuiteRunner.java:371)\r\n\tat org.testng.SuiteRunner.privateRun(SuiteRunner.java:332)\r\n\tat org.testng.SuiteRunner.run(SuiteRunner.java:276)\r\n\tat org.testng.SuiteRunnerWorker.runSuite(SuiteRunnerWorker.java:53)\r\n\tat org.testng.SuiteRunnerWorker.run(SuiteRunnerWorker.java:96)\r\n\tat org.testng.TestNG.runSuitesSequentially(TestNG.java:1212)\r\n\tat org.testng.TestNG.runSuitesLocally(TestNG.java:1134)\r\n\tat org.testng.TestNG.runSuites(TestNG.java:1063)\r\n\tat org.testng.TestNG.run(TestNG.java:1031)\r\n\tat com.intellij.rt.testng.IDEARemoteTestNG.run(IDEARemoteTestNG.java:66)\r\n\tat com.intellij.rt.testng.RemoteTestNGStarter.main(RemoteTestNGStarter.java:109)\r\n"},"stage":"finished","steps":[{"name":"Open website with URL https://www.saucedemo.com/","status":"passed","stage":"finished","steps":[],"attachments":[{"name":"Open URL: https://www.saucedemo.com/","source":"45342964-46a3-44e5-aa8c-d4ae639c1e13-attachment","type":"text/plain"}],"parameters":[{"name":"URL","value":"https://www.saucedemo.com/"}],"start":1671377813733,"stop":1671377815600},{"name":"Get Page Title","status":"passed","stage":"finished","steps":[],"attachments":[{"name":"Get Current Page Title: Swag Labs","source":"a0f473d6-f94f-4cf7-8432-c51ea89ee092-attachment","type":"text/plain"}],"parameters":[],"start":1671377815607,"stop":1671377815634},{"name":"Clear value in textbox","status":"passed","stage":"finished","steps":[{"name":"Verify element visible By.xpath: //input[@id='user-name']","status":"passed","stage":"finished","steps":[],"attachments":[],"parameters":[{"name":"by","value":"By.xpath: //input[@id='user-name']"},{"name":"timeout","value":"1"}],"start":1671377815653,"stop":1671377815679}],"attachments":[{"name":"Clear value in textbox","source":"02ad81ba-c2e5-43f8-a34e-f07cceaa0f08-attachment","type":"text/plain"}],"parameters":[{"name":"by","value":"By.xpath: //input[@id='user-name']"}],"start":1671377815634,"stop":1671377815728},{"name":"Clear value in textbox","status":"passed","stage":"finished","steps":[{"name":"Verify element visible By.xpath: //input[@id='password']","status":"passed","stage":"finished","steps":[],"attachments":[],"parameters":[{"name":"by","value":"By.xpath: //input[@id='password']"},{"name":"timeout","value":"1"}],"start":1671377815748,"stop":1671377815773}],"attachments":[{"name":"Clear value in textbox","source":"58054ad2-4946-43fe-bc78-075da1ddfec3-attachment","type":"text/plain"}],"parameters":[{"name":"by","value":"By.xpath: //input[@id='password']"}],"start":1671377815728,"stop":1671377815823},{"name":"Set text on textbox","status":"passed","stage":"finished","steps":[{"name":"Verify element visible By.xpath: //input[@id='user-name']","status":"passed","stage":"finished","steps":[],"attachments":[],"parameters":[{"name":"by","value":"By.xpath: //input[@id='user-name']"},{"name":"timeout","value":"1"}],"start":1671377815843,"stop":1671377815873}],"attachments":[{"name":"Set text  on By.xpath: //input[@id='user-name']","source":"7bc635d1-e0ce-46df-822d-36fc073f0f5e-attachment","type":"text/plain"}],"parameters":[{"name":"by","value":"By.xpath: //input[@id='user-name']"},{"name":"value","value":""}],"start":1671377815823,"stop":1671377815928},{"name":"Set text on textbox","status":"broken","statusDetails":{"known":false,"muted":false,"flaky":false,"message":"Keys to send should be a not null CharSequence","trace":"java.lang.IllegalArgumentException: Keys to send should be a not null CharSequence\r\n\tat org.openqa.selenium.remote.RemoteWebElement.sendKeys(RemoteWebElement.java:98)\r\n\tat Common.handle.WebUI.setText(WebUI.java:1537)\r\n\tat Setup.project.pages.Login.LoginPage.loginInvalidUsername(LoginPage.java:35)\r\n\tat TestCase.LoginTest.loginTestDataProvider(LoginTest.java:25)\r\n\tat java.base/jdk.internal.reflect.DirectMethodHandleAccessor.invoke(DirectMethodHandleAccessor.java:104)\r\n\tat java.base/java.lang.reflect.Method.invoke(Method.java:578)\r\n\tat org.testng.internal.MethodInvocationHelper.invokeMethod(MethodInvocationHelper.java:133)\r\n\tat org.testng.internal.TestInvoker.invokeMethod(TestInvoker.java:598)\r\n\tat org.testng.internal.TestInvoker.invokeTestMethod(TestInvoker.java:173)\r\n\tat org.testng.internal.MethodRunner.runInSequence(MethodRunner.java:46)\r\n\tat org.testng.internal.TestInvoker$MethodInvocationAgent.invoke(TestInvoker.java:824)\r\n\tat org.testng.internal.TestInvoker.invokeTestMethods(TestInvoker.java:146)\r\n\tat org.testng.internal.TestMethodWorker.invokeTestMethods(TestMethodWorker.java:146)\r\n\tat org.testng.internal.TestMethodWorker.run(TestMethodWorker.java:128)\r\n\tat java.base/java.util.ArrayList.forEach(ArrayList.java:1511)\r\n\tat org.testng.TestRunner.privateRun(TestRunner.java:794)\r\n\tat org.testng.TestRunner.run(TestRunner.java:596)\r\n\tat org.testng.SuiteRunner.runTest(SuiteRunner.java:377)\r\n\tat org.testng.SuiteRunner.runSequentially(SuiteRunner.java:371)\r\n\tat org.testng.SuiteRunner.privateRun(SuiteRunner.java:332)\r\n\tat org.testng.SuiteRunner.run(SuiteRunner.java:276)\r\n\tat org.testng.SuiteRunnerWorker.runSuite(SuiteRunnerWorker.java:53)\r\n\tat org.testng.SuiteRunnerWorker.run(SuiteRunnerWorker.java:96)\r\n\tat org.testng.TestNG.runSuitesSequentially(TestNG.java:1212)\r\n\tat org.testng.TestNG.runSuitesLocally(TestNG.java:1134)\r\n\tat org.testng.TestNG.runSuites(TestNG.java:1063)\r\n\tat org.testng.TestNG.run(TestNG.java:1031)\r\n\tat com.intellij.rt.testng.IDEARemoteTestNG.run(IDEARemoteTestNG.java:66)\r\n\tat com.intellij.rt.testng.RemoteTestNGStarter.main(RemoteTestNGStarter.java:109)\r\n"},"stage":"finished","steps":[{"name":"Verify element visible By.xpath: //input[@id='password']","status":"passed","stage":"finished","steps":[],"attachments":[],"parameters":[{"name":"by","value":"By.xpath: //input[@id='password']"},{"name":"timeout","value":"1"}],"start":1671377815952,"stop":1671377815973}],"attachments":[],"parameters":[{"name":"by","value":"By.xpath: //input[@id='password']"},{"name":"value","value":"null"}],"start":1671377815930,"stop":1671377815991}],"attachments":[],"parameters":[{"name":"data","value":"{TESTCASE=Login failure with invalid password, STEPS=1. Go to URL: \"https://www.saucedemo.com/\"\n2. Enter your own Username in Username textbox \n3. Enter invalid password in Password textbox \n4. Click on \"Login\" button   , EXPECTED_ERROR=Epic sadface: Username and password do not match any user in this service, EXPECTED_URL=https://www.saucedemo.com/, TESTCASEID=loginInvalidPassword, USERNAME=standard_user, =, PASSWORD=a}"}],"start":1671377813676,"stop":1671377815991}],"attachments":[{"name":"Failed test screenshot","source":"b697a631-26ab-478a-a2f1-1af8c0dca408-attachment","type":"image/png"},{"name":"java.lang.IllegalArgumentException: Keys to send should be a not null CharSequence","source":"bb2d1f6b-5cc5-4137-a601-7ae0e611c476-attachment","type":"text/plain"}],"parameters":[{"name":"URL","value":"https://www.saucedemo.com/"},{"name":"browserType","value":"chrome"},{"name":"arg0","value":"{TESTCASE=Login failure with invalid password, STEPS=1. Go to URL: \"https://www.saucedemo.com/\"\n2. Enter your own Username in Username textbox \n3. Enter invalid password in Password textbox \n4. Click on \"Login\" button   , EXPECTED_ERROR=Epic sadface: Username and password do not match any user in this service, EXPECTED_URL=https://www.saucedemo.com/, TESTCASEID=loginInvalidPassword, USERNAME=standard_user, =, PASSWORD=a}"}],"start":1671377813675,"stop":1671377816464}