{"uuid":"7fceaa70-db28-41f0-b7c7-370b4f8e5fd4","historyId":"30195d6316961eae24674b777810a5ca","fullName":"TestCase.LoginTest.signInTestDataProvider","labels":[{"name":"package","value":"TestCase.LoginTest"},{"name":"testClass","value":"TestCase.LoginTest"},{"name":"testMethod","value":"signInTestDataProvider"},{"name":"parentSuite","value":"Saucedemo"},{"name":"suite","value":"Selenium_PJ_Test"},{"name":"subSuite","value":"TestCase.LoginTest"},{"name":"host","value":"DESKTOP-NOCLH30"},{"name":"thread","value":"10092@DESKTOP-NOCLH30.main(1)"},{"name":"framework","value":"testng"},{"name":"language","value":"java"},{"name":"feature","value":"Demo Test"},{"name":"epic","value":"Regression Test Automation Practice"}],"links":[],"name":"signInTestDataProvider","status":"failed","statusDetails":{"known":false,"muted":false,"flaky":false,"message":"The title of Login page not match. expected [true] but found [false]","trace":"java.lang.AssertionError: The title of Login page not match. expected [true] but found [false]\r\n\tat org.testng.Assert.fail(Assert.java:99)\r\n\tat org.testng.Assert.failNotEquals(Assert.java:1037)\r\n\tat org.testng.Assert.assertTrue(Assert.java:45)\r\n\tat Setup.project.pages.Login.LoginPage.loginInvalidUsername(LoginPage.java:31)\r\n\tat TestCase.LoginTest.signInTestDataProvider(LoginTest.java:27)\r\n\tat java.base/jdk.internal.reflect.DirectMethodHandleAccessor.invoke(DirectMethodHandleAccessor.java:104)\r\n\tat java.base/java.lang.reflect.Method.invoke(Method.java:578)\r\n\tat org.testng.internal.MethodInvocationHelper.invokeMethod(MethodInvocationHelper.java:133)\r\n\tat org.testng.internal.TestInvoker.invokeMethod(TestInvoker.java:598)\r\n\tat org.testng.internal.TestInvoker.invokeTestMethod(TestInvoker.java:173)\r\n\tat org.testng.internal.MethodRunner.runInSequence(MethodRunner.java:46)\r\n\tat org.testng.internal.TestInvoker$MethodInvocationAgent.invoke(TestInvoker.java:824)\r\n\tat org.testng.internal.TestInvoker.invokeTestMethods(TestInvoker.java:146)\r\n\tat org.testng.internal.TestMethodWorker.invokeTestMethods(TestMethodWorker.java:146)\r\n\tat org.testng.internal.TestMethodWorker.run(TestMethodWorker.java:128)\r\n\tat java.base/java.util.ArrayList.forEach(ArrayList.java:1511)\r\n\tat org.testng.TestRunner.privateRun(TestRunner.java:794)\r\n\tat org.testng.TestRunner.run(TestRunner.java:596)\r\n\tat org.testng.SuiteRunner.runTest(SuiteRunner.java:377)\r\n\tat org.testng.SuiteRunner.runSequentially(SuiteRunner.java:371)\r\n\tat org.testng.SuiteRunner.privateRun(SuiteRunner.java:332)\r\n\tat org.testng.SuiteRunner.run(SuiteRunner.java:276)\r\n\tat org.testng.SuiteRunnerWorker.runSuite(SuiteRunnerWorker.java:53)\r\n\tat org.testng.SuiteRunnerWorker.run(SuiteRunnerWorker.java:96)\r\n\tat org.testng.TestNG.runSuitesSequentially(TestNG.java:1212)\r\n\tat org.testng.TestNG.runSuitesLocally(TestNG.java:1134)\r\n\tat org.testng.TestNG.runSuites(TestNG.java:1063)\r\n\tat org.testng.TestNG.run(TestNG.java:1031)\r\n\tat com.intellij.rt.testng.IDEARemoteTestNG.run(IDEARemoteTestNG.java:66)\r\n\tat com.intellij.rt.testng.RemoteTestNGStarter.main(RemoteTestNGStarter.java:109)\r\n"},"stage":"finished","steps":[{"name":"signInTestDataProvider","status":"failed","statusDetails":{"known":false,"muted":false,"flaky":false,"message":"The title of Login page not match. expected [true] but found [false]","trace":"java.lang.AssertionError: The title of Login page not match. expected [true] but found [false]\r\n\tat org.testng.Assert.fail(Assert.java:99)\r\n\tat org.testng.Assert.failNotEquals(Assert.java:1037)\r\n\tat org.testng.Assert.assertTrue(Assert.java:45)\r\n\tat Setup.project.pages.Login.LoginPage.loginInvalidUsername(LoginPage.java:31)\r\n\tat TestCase.LoginTest.signInTestDataProvider(LoginTest.java:27)\r\n\tat java.base/jdk.internal.reflect.DirectMethodHandleAccessor.invoke(DirectMethodHandleAccessor.java:104)\r\n\tat java.base/java.lang.reflect.Method.invoke(Method.java:578)\r\n\tat org.testng.internal.MethodInvocationHelper.invokeMethod(MethodInvocationHelper.java:133)\r\n\tat org.testng.internal.TestInvoker.invokeMethod(TestInvoker.java:598)\r\n\tat org.testng.internal.TestInvoker.invokeTestMethod(TestInvoker.java:173)\r\n\tat org.testng.internal.MethodRunner.runInSequence(MethodRunner.java:46)\r\n\tat org.testng.internal.TestInvoker$MethodInvocationAgent.invoke(TestInvoker.java:824)\r\n\tat org.testng.internal.TestInvoker.invokeTestMethods(TestInvoker.java:146)\r\n\tat org.testng.internal.TestMethodWorker.invokeTestMethods(TestMethodWorker.java:146)\r\n\tat org.testng.internal.TestMethodWorker.run(TestMethodWorker.java:128)\r\n\tat java.base/java.util.ArrayList.forEach(ArrayList.java:1511)\r\n\tat org.testng.TestRunner.privateRun(TestRunner.java:794)\r\n\tat org.testng.TestRunner.run(TestRunner.java:596)\r\n\tat org.testng.SuiteRunner.runTest(SuiteRunner.java:377)\r\n\tat org.testng.SuiteRunner.runSequentially(SuiteRunner.java:371)\r\n\tat org.testng.SuiteRunner.privateRun(SuiteRunner.java:332)\r\n\tat org.testng.SuiteRunner.run(SuiteRunner.java:276)\r\n\tat org.testng.SuiteRunnerWorker.runSuite(SuiteRunnerWorker.java:53)\r\n\tat org.testng.SuiteRunnerWorker.run(SuiteRunnerWorker.java:96)\r\n\tat org.testng.TestNG.runSuitesSequentially(TestNG.java:1212)\r\n\tat org.testng.TestNG.runSuitesLocally(TestNG.java:1134)\r\n\tat org.testng.TestNG.runSuites(TestNG.java:1063)\r\n\tat org.testng.TestNG.run(TestNG.java:1031)\r\n\tat com.intellij.rt.testng.IDEARemoteTestNG.run(IDEARemoteTestNG.java:66)\r\n\tat com.intellij.rt.testng.RemoteTestNGStarter.main(RemoteTestNGStarter.java:109)\r\n"},"stage":"finished","steps":[{"name":"Open website with URL E:\\Selenium_New\\SeleTest1\\Selenium_Frame1\\","status":"passed","stage":"finished","steps":[],"attachments":[{"name":"Open URL: E:\\Selenium_New\\SeleTest1\\Selenium_Frame1\\","source":"8241c521-7936-4493-b0c7-5555e62cc030-attachment","type":"text/plain"}],"parameters":[{"name":"URL","value":"E:\\Selenium_New\\SeleTest1\\Selenium_Frame1\\"}],"start":1671376751635,"stop":1671376751772},{"name":"Get Page Title","status":"passed","stage":"finished","steps":[],"attachments":[{"name":"Get Current Page Title: Index of E:\\Selenium_New\\SeleTest1\\Selenium_Frame1\\","source":"14f29d14-bf5e-463e-9bd2-e53f9ccd0ee7-attachment","type":"text/plain"}],"parameters":[],"start":1671376751778,"stop":1671376751801}],"attachments":[],"parameters":[{"name":"data","value":"{TESTCASE=Login failure with invalid Username, STEPS=1. Go to URL: \"https://www.saucedemo.com/\"\n2. Enter invalid Username in Username textbox \n3. Enter your own password in Password textbox \n4. Click on \"Login\" button   , EXPECTED_ERROR=Epic sadface: Username and password do not match any user in this service, EXPECTED_URL=https://www.saucedemo.com/, TESTCASEID=loginInvalidUsername, USERNAME=, =, PASSWORD=secret_sauce}"}],"start":1671376751426,"stop":1671376751805}],"attachments":[{"name":"Failed test screenshot","source":"8ecc3ab1-d99b-47d4-8d78-a59b7562bcbe-attachment","type":"image/png"},{"name":"java.lang.AssertionError: The title of Login page not match. expected [true] but found [false]","source":"3f310000-d10d-459f-8d59-2ebc321159a0-attachment","type":"text/plain"}],"parameters":[{"name":"URL","value":"https://www.saucedemo.com/"},{"name":"browserType","value":"chrome"},{"name":"arg0","value":"{TESTCASE=Login failure with invalid Username, STEPS=1. Go to URL: \"https://www.saucedemo.com/\"\n2. Enter invalid Username in Username textbox \n3. Enter your own password in Password textbox \n4. Click on \"Login\" button   , EXPECTED_ERROR=Epic sadface: Username and password do not match any user in this service, EXPECTED_URL=https://www.saucedemo.com/, TESTCASEID=loginInvalidUsername, USERNAME=, =, PASSWORD=secret_sauce}"}],"start":1671376751421,"stop":1671376752644}