{"uuid":"93f15ae8-efb4-4d31-a3da-eea87938e86f","historyId":"d938cb3a5349d648a87c3bb55553a368","fullName":"TestCase.LoginTest.loginTestDataProvider","labels":[{"name":"package","value":"TestCase.LoginTest"},{"name":"testClass","value":"TestCase.LoginTest"},{"name":"testMethod","value":"loginTestDataProvider"},{"name":"parentSuite","value":"Saucedemo"},{"name":"suite","value":"Selenium_PJ_Test"},{"name":"subSuite","value":"TestCase.LoginTest"},{"name":"host","value":"DESKTOP-NOCLH30"},{"name":"thread","value":"868@DESKTOP-NOCLH30.main(1)"},{"name":"framework","value":"testng"},{"name":"language","value":"java"},{"name":"feature","value":"Login Test"},{"name":"epic","value":"Regression Test Automation Practice"}],"links":[],"name":"loginTestDataProvider","status":"broken","statusDetails":{"known":false,"muted":false,"flaky":false,"message":"Keys to send should be a not null CharSequence","trace":"java.lang.IllegalArgumentException: Keys to send should be a not null CharSequence\r\n\tat org.openqa.selenium.remote.RemoteWebElement.sendKeys(RemoteWebElement.java:98)\r\n\tat Common.handle.WebUI.setText(WebUI.java:1537)\r\n\tat Setup.project.pages.Login.LoginPage.loginInvalidUsername(LoginPage.java:35)\r\n\tat TestCase.LoginTest.loginTestDataProvider(LoginTest.java:25)\r\n\tat java.base/jdk.internal.reflect.DirectMethodHandleAccessor.invoke(DirectMethodHandleAccessor.java:104)\r\n\tat java.base/java.lang.reflect.Method.invoke(Method.java:578)\r\n\tat org.testng.internal.MethodInvocationHelper.invokeMethod(MethodInvocationHelper.java:133)\r\n\tat org.testng.internal.TestInvoker.invokeMethod(TestInvoker.java:598)\r\n\tat org.testng.internal.TestInvoker.invokeTestMethod(TestInvoker.java:173)\r\n\tat org.testng.internal.MethodRunner.runInSequence(MethodRunner.java:46)\r\n\tat org.testng.internal.TestInvoker$MethodInvocationAgent.invoke(TestInvoker.java:824)\r\n\tat org.testng.internal.TestInvoker.invokeTestMethods(TestInvoker.java:146)\r\n\tat org.testng.internal.TestMethodWorker.invokeTestMethods(TestMethodWorker.java:146)\r\n\tat org.testng.internal.TestMethodWorker.run(TestMethodWorker.java:128)\r\n\tat java.base/java.util.ArrayList.forEach(ArrayList.java:1511)\r\n\tat org.testng.TestRunner.privateRun(TestRunner.java:794)\r\n\tat org.testng.TestRunner.run(TestRunner.java:596)\r\n\tat org.testng.SuiteRunner.runTest(SuiteRunner.java:377)\r\n\tat org.testng.SuiteRunner.runSequentially(SuiteRunner.java:371)\r\n\tat org.testng.SuiteRunner.privateRun(SuiteRunner.java:332)\r\n\tat org.testng.SuiteRunner.run(SuiteRunner.java:276)\r\n\tat org.testng.SuiteRunnerWorker.runSuite(SuiteRunnerWorker.java:53)\r\n\tat org.testng.SuiteRunnerWorker.run(SuiteRunnerWorker.java:96)\r\n\tat org.testng.TestNG.runSuitesSequentially(TestNG.java:1212)\r\n\tat org.testng.TestNG.runSuitesLocally(TestNG.java:1134)\r\n\tat org.testng.TestNG.runSuites(TestNG.java:1063)\r\n\tat org.testng.TestNG.run(TestNG.java:1031)\r\n\tat com.intellij.rt.testng.IDEARemoteTestNG.run(IDEARemoteTestNG.java:66)\r\n\tat com.intellij.rt.testng.RemoteTestNGStarter.main(RemoteTestNGStarter.java:109)\r\n"},"stage":"finished","steps":[{"name":"loginTestDataProvider","status":"broken","statusDetails":{"known":false,"muted":false,"flaky":false,"message":"Keys to send should be a not null CharSequence","trace":"java.lang.IllegalArgumentException: Keys to send should be a not null CharSequence\r\n\tat org.openqa.selenium.remote.RemoteWebElement.sendKeys(RemoteWebElement.java:98)\r\n\tat Common.handle.WebUI.setText(WebUI.java:1537)\r\n\tat Setup.project.pages.Login.LoginPage.loginInvalidUsername(LoginPage.java:35)\r\n\tat TestCase.LoginTest.loginTestDataProvider(LoginTest.java:25)\r\n\tat java.base/jdk.internal.reflect.DirectMethodHandleAccessor.invoke(DirectMethodHandleAccessor.java:104)\r\n\tat java.base/java.lang.reflect.Method.invoke(Method.java:578)\r\n\tat org.testng.internal.MethodInvocationHelper.invokeMethod(MethodInvocationHelper.java:133)\r\n\tat org.testng.internal.TestInvoker.invokeMethod(TestInvoker.java:598)\r\n\tat org.testng.internal.TestInvoker.invokeTestMethod(TestInvoker.java:173)\r\n\tat org.testng.internal.MethodRunner.runInSequence(MethodRunner.java:46)\r\n\tat org.testng.internal.TestInvoker$MethodInvocationAgent.invoke(TestInvoker.java:824)\r\n\tat org.testng.internal.TestInvoker.invokeTestMethods(TestInvoker.java:146)\r\n\tat org.testng.internal.TestMethodWorker.invokeTestMethods(TestMethodWorker.java:146)\r\n\tat org.testng.internal.TestMethodWorker.run(TestMethodWorker.java:128)\r\n\tat java.base/java.util.ArrayList.forEach(ArrayList.java:1511)\r\n\tat org.testng.TestRunner.privateRun(TestRunner.java:794)\r\n\tat org.testng.TestRunner.run(TestRunner.java:596)\r\n\tat org.testng.SuiteRunner.runTest(SuiteRunner.java:377)\r\n\tat org.testng.SuiteRunner.runSequentially(SuiteRunner.java:371)\r\n\tat org.testng.SuiteRunner.privateRun(SuiteRunner.java:332)\r\n\tat org.testng.SuiteRunner.run(SuiteRunner.java:276)\r\n\tat org.testng.SuiteRunnerWorker.runSuite(SuiteRunnerWorker.java:53)\r\n\tat org.testng.SuiteRunnerWorker.run(SuiteRunnerWorker.java:96)\r\n\tat org.testng.TestNG.runSuitesSequentially(TestNG.java:1212)\r\n\tat org.testng.TestNG.runSuitesLocally(TestNG.java:1134)\r\n\tat org.testng.TestNG.runSuites(TestNG.java:1063)\r\n\tat org.testng.TestNG.run(TestNG.java:1031)\r\n\tat com.intellij.rt.testng.IDEARemoteTestNG.run(IDEARemoteTestNG.java:66)\r\n\tat com.intellij.rt.testng.RemoteTestNGStarter.main(RemoteTestNGStarter.java:109)\r\n"},"stage":"finished","steps":[{"name":"Open website with URL https://www.saucedemo.com/","status":"passed","stage":"finished","steps":[],"attachments":[{"name":"Open URL: https://www.saucedemo.com/","source":"0a195e67-585b-4472-9f93-101c5cee2316-attachment","type":"text/plain"}],"parameters":[{"name":"URL","value":"https://www.saucedemo.com/"}],"start":1671377810388,"stop":1671377810963},{"name":"Get Page Title","status":"passed","stage":"finished","steps":[],"attachments":[{"name":"Get Current Page Title: Swag Labs","source":"bf1f300b-725f-47ef-af9b-fcde1c2f0257-attachment","type":"text/plain"}],"parameters":[],"start":1671377810972,"stop":1671377811000},{"name":"Clear value in textbox","status":"passed","stage":"finished","steps":[{"name":"Verify element visible By.xpath: //input[@id='user-name']","status":"passed","stage":"finished","steps":[],"attachments":[],"parameters":[{"name":"by","value":"By.xpath: //input[@id='user-name']"},{"name":"timeout","value":"1"}],"start":1671377811031,"stop":1671377811078}],"attachments":[{"name":"Clear value in textbox","source":"6be78088-881d-41df-bdab-047315151c7b-attachment","type":"text/plain"}],"parameters":[{"name":"by","value":"By.xpath: //input[@id='user-name']"}],"start":1671377811003,"stop":1671377811138},{"name":"Clear value in textbox","status":"passed","stage":"finished","steps":[{"name":"Verify element visible By.xpath: //input[@id='password']","status":"passed","stage":"finished","steps":[],"attachments":[],"parameters":[{"name":"by","value":"By.xpath: //input[@id='password']"},{"name":"timeout","value":"1"}],"start":1671377811159,"stop":1671377811183}],"attachments":[{"name":"Clear value in textbox","source":"773e7c03-fcc2-4245-aac1-fd31b053e6bb-attachment","type":"text/plain"}],"parameters":[{"name":"by","value":"By.xpath: //input[@id='password']"}],"start":1671377811138,"stop":1671377811231},{"name":"Set text on textbox","status":"passed","stage":"finished","steps":[{"name":"Verify element visible By.xpath: //input[@id='user-name']","status":"passed","stage":"finished","steps":[],"attachments":[],"parameters":[{"name":"by","value":"By.xpath: //input[@id='user-name']"},{"name":"timeout","value":"1"}],"start":1671377811252,"stop":1671377811274}],"attachments":[{"name":"Set text  on By.xpath: //input[@id='user-name']","source":"d1cf6cd7-c06e-4600-93ff-2244d61840f4-attachment","type":"text/plain"}],"parameters":[{"name":"by","value":"By.xpath: //input[@id='user-name']"},{"name":"value","value":""}],"start":1671377811233,"stop":1671377811330},{"name":"Set text on textbox","status":"broken","statusDetails":{"known":false,"muted":false,"flaky":false,"message":"Keys to send should be a not null CharSequence","trace":"java.lang.IllegalArgumentException: Keys to send should be a not null CharSequence\r\n\tat org.openqa.selenium.remote.RemoteWebElement.sendKeys(RemoteWebElement.java:98)\r\n\tat Common.handle.WebUI.setText(WebUI.java:1537)\r\n\tat Setup.project.pages.Login.LoginPage.loginInvalidUsername(LoginPage.java:35)\r\n\tat TestCase.LoginTest.loginTestDataProvider(LoginTest.java:25)\r\n\tat java.base/jdk.internal.reflect.DirectMethodHandleAccessor.invoke(DirectMethodHandleAccessor.java:104)\r\n\tat java.base/java.lang.reflect.Method.invoke(Method.java:578)\r\n\tat org.testng.internal.MethodInvocationHelper.invokeMethod(MethodInvocationHelper.java:133)\r\n\tat org.testng.internal.TestInvoker.invokeMethod(TestInvoker.java:598)\r\n\tat org.testng.internal.TestInvoker.invokeTestMethod(TestInvoker.java:173)\r\n\tat org.testng.internal.MethodRunner.runInSequence(MethodRunner.java:46)\r\n\tat org.testng.internal.TestInvoker$MethodInvocationAgent.invoke(TestInvoker.java:824)\r\n\tat org.testng.internal.TestInvoker.invokeTestMethods(TestInvoker.java:146)\r\n\tat org.testng.internal.TestMethodWorker.invokeTestMethods(TestMethodWorker.java:146)\r\n\tat org.testng.internal.TestMethodWorker.run(TestMethodWorker.java:128)\r\n\tat java.base/java.util.ArrayList.forEach(ArrayList.java:1511)\r\n\tat org.testng.TestRunner.privateRun(TestRunner.java:794)\r\n\tat org.testng.TestRunner.run(TestRunner.java:596)\r\n\tat org.testng.SuiteRunner.runTest(SuiteRunner.java:377)\r\n\tat org.testng.SuiteRunner.runSequentially(SuiteRunner.java:371)\r\n\tat org.testng.SuiteRunner.privateRun(SuiteRunner.java:332)\r\n\tat org.testng.SuiteRunner.run(SuiteRunner.java:276)\r\n\tat org.testng.SuiteRunnerWorker.runSuite(SuiteRunnerWorker.java:53)\r\n\tat org.testng.SuiteRunnerWorker.run(SuiteRunnerWorker.java:96)\r\n\tat org.testng.TestNG.runSuitesSequentially(TestNG.java:1212)\r\n\tat org.testng.TestNG.runSuitesLocally(TestNG.java:1134)\r\n\tat org.testng.TestNG.runSuites(TestNG.java:1063)\r\n\tat org.testng.TestNG.run(TestNG.java:1031)\r\n\tat com.intellij.rt.testng.IDEARemoteTestNG.run(IDEARemoteTestNG.java:66)\r\n\tat com.intellij.rt.testng.RemoteTestNGStarter.main(RemoteTestNGStarter.java:109)\r\n"},"stage":"finished","steps":[{"name":"Verify element visible By.xpath: //input[@id='password']","status":"passed","stage":"finished","steps":[],"attachments":[],"parameters":[{"name":"by","value":"By.xpath: //input[@id='password']"},{"name":"timeout","value":"1"}],"start":1671377811360,"stop":1671377811383}],"attachments":[],"parameters":[{"name":"by","value":"By.xpath: //input[@id='password']"},{"name":"value","value":"null"}],"start":1671377811339,"stop":1671377811400}],"attachments":[],"parameters":[{"name":"data","value":"{TESTCASE=Login failure with invalid Username, STEPS=1. Go to URL: \"https://www.saucedemo.com/\"\n2. Enter invalid Username in Username textbox \n3. Enter your own password in Password textbox \n4. Click on \"Login\" button   , EXPECTED_ERROR=Epic sadface: Username and password do not match any user in this service, EXPECTED_URL=https://www.saucedemo.com/, TESTCASEID=loginInvalidUsername, USERNAME=, =, PASSWORD=secret_sauce}"}],"start":1671377810231,"stop":1671377811400}],"attachments":[{"name":"Failed test screenshot","source":"88e25d74-2a03-417b-a105-856b5224dd4b-attachment","type":"image/png"},{"name":"java.lang.IllegalArgumentException: Keys to send should be a not null CharSequence","source":"66393ba3-6a93-4de0-bcc8-f91e6bd9d426-attachment","type":"text/plain"}],"parameters":[{"name":"URL","value":"https://www.saucedemo.com/"},{"name":"browserType","value":"chrome"},{"name":"arg0","value":"{TESTCASE=Login failure with invalid Username, STEPS=1. Go to URL: \"https://www.saucedemo.com/\"\n2. Enter invalid Username in Username textbox \n3. Enter your own password in Password textbox \n4. Click on \"Login\" button   , EXPECTED_ERROR=Epic sadface: Username and password do not match any user in this service, EXPECTED_URL=https://www.saucedemo.com/, TESTCASEID=loginInvalidUsername, USERNAME=, =, PASSWORD=secret_sauce}"}],"start":1671377810228,"stop":1671377812487}