{"uuid":"add6f9c4-94a7-41c9-95cd-98c5c2e5ce73","historyId":"5de9985ab8b031ee78c3ebd5582eb786","fullName":"TestCase.CartTest.loginInvalidUsername","labels":[{"name":"package","value":"TestCase.CartTest"},{"name":"testClass","value":"TestCase.CartTest"},{"name":"testMethod","value":"loginInvalidUsername"},{"name":"parentSuite","value":"Sauce_demo"},{"name":"suite","value":"Selenium_PJ_Test"},{"name":"subSuite","value":"TestCase.CartTest"},{"name":"host","value":"DESKTOP-NOCLH30"},{"name":"thread","value":"15720@DESKTOP-NOCLH30.main(1)"},{"name":"framework","value":"testng"},{"name":"language","value":"java"},{"name":"feature","value":"Cart Test"},{"name":"epic","value":"Regression Test Automation Practice"}],"links":[],"name":"loginInvalidUsername","status":"broken","statusDetails":{"known":false,"muted":false,"flaky":false,"message":"invalid selector: Unable to locate an element with the xpath expression  because of the following error:\nSyntaxError: Failed to execute 'evaluate' on 'Document': The string '' is not a valid XPath expression.\n  (Session info: chrome=108.0.5359.125)\nFor documentation on this error, please visit: https://selenium.dev/exceptions/#invalid_selector_exception\nBuild info: version: '4.6.0', revision: '79f1c02ae20'\nSystem info: os.name: 'Windows 10', os.arch: 'amd64', os.version: '10.0', java.version: '19.0.1'\nDriver info: org.openqa.selenium.chrome.ChromeDriver\nCommand: [251f0840992ff739e3d599155897d428, findElement {using=xpath, value=}]\nCapabilities {acceptInsecureCerts: false, browserName: chrome, browserVersion: 108.0.5359.125, chrome: {chromedriverVersion: 108.0.5359.71 (1e0e3868ee06..., userDataDir: C:\\Users\\Tanapoto\\AppData\\L...}, goog:chromeOptions: {debuggerAddress: localhost:55637}, networkConnectionEnabled: false, pageLoadStrategy: normal, platformName: WINDOWS, proxy: Proxy(), se:cdp: ws://localhost:55637/devtoo..., se:cdpVersion: 108.0.5359.125, setWindowRect: true, strictFileInteractability: false, timeouts: {implicit: 0, pageLoad: 300000, script: 30000}, unhandledPromptBehavior: dismiss and notify, webauthn:extension:credBlob: true, webauthn:extension:largeBlob: true, webauthn:virtualAuthenticators: true}\nSession ID: 251f0840992ff739e3d599155897d428","trace":"org.openqa.selenium.InvalidSelectorException: invalid selector: Unable to locate an element with the xpath expression  because of the following error:\nSyntaxError: Failed to execute 'evaluate' on 'Document': The string '' is not a valid XPath expression.\n  (Session info: chrome=108.0.5359.125)\nFor documentation on this error, please visit: https://selenium.dev/exceptions/#invalid_selector_exception\nBuild info: version: '4.6.0', revision: '79f1c02ae20'\nSystem info: os.name: 'Windows 10', os.arch: 'amd64', os.version: '10.0', java.version: '19.0.1'\nDriver info: org.openqa.selenium.chrome.ChromeDriver\nCommand: [251f0840992ff739e3d599155897d428, findElement {using=xpath, value=}]\nCapabilities {acceptInsecureCerts: false, browserName: chrome, browserVersion: 108.0.5359.125, chrome: {chromedriverVersion: 108.0.5359.71 (1e0e3868ee06..., userDataDir: C:\\Users\\Tanapoto\\AppData\\L...}, goog:chromeOptions: {debuggerAddress: localhost:55637}, networkConnectionEnabled: false, pageLoadStrategy: normal, platformName: WINDOWS, proxy: Proxy(), se:cdp: ws://localhost:55637/devtoo..., se:cdpVersion: 108.0.5359.125, setWindowRect: true, strictFileInteractability: false, timeouts: {implicit: 0, pageLoad: 300000, script: 30000}, unhandledPromptBehavior: dismiss and notify, webauthn:extension:credBlob: true, webauthn:extension:largeBlob: true, webauthn:virtualAuthenticators: true}\nSession ID: 251f0840992ff739e3d599155897d428\r\n\tat java.base/jdk.internal.reflect.DirectConstructorHandleAccessor.newInstance(DirectConstructorHandleAccessor.java:67)\r\n\tat java.base/java.lang.reflect.Constructor.newInstanceWithCaller(Constructor.java:500)\r\n\tat java.base/java.lang.reflect.Constructor.newInstance(Constructor.java:484)\r\n\tat org.openqa.selenium.remote.codec.w3c.W3CHttpResponseCodec.createException(W3CHttpResponseCodec.java:200)\r\n\tat org.openqa.selenium.remote.codec.w3c.W3CHttpResponseCodec.decode(W3CHttpResponseCodec.java:133)\r\n\tat org.openqa.selenium.remote.codec.w3c.W3CHttpResponseCodec.decode(W3CHttpResponseCodec.java:53)\r\n\tat org.openqa.selenium.remote.HttpCommandExecutor.execute(HttpCommandExecutor.java:184)\r\n\tat org.openqa.selenium.remote.service.DriverCommandExecutor.invokeExecute(DriverCommandExecutor.java:167)\r\n\tat org.openqa.selenium.remote.service.DriverCommandExecutor.execute(DriverCommandExecutor.java:142)\r\n\tat org.openqa.selenium.remote.RemoteWebDriver.execute(RemoteWebDriver.java:541)\r\n\tat org.openqa.selenium.remote.ElementLocation$ElementFinder$2.findElement(ElementLocation.java:162)\r\n\tat org.openqa.selenium.remote.ElementLocation.findElement(ElementLocation.java:60)\r\n\tat org.openqa.selenium.remote.RemoteWebDriver.findElement(RemoteWebDriver.java:365)\r\n\tat org.openqa.selenium.remote.RemoteWebDriver.findElement(RemoteWebDriver.java:357)\r\n\tat java.base/jdk.internal.reflect.DirectMethodHandleAccessor.invoke(DirectMethodHandleAccessor.java:104)\r\n\tat java.base/java.lang.reflect.Method.invoke(Method.java:578)\r\n\tat org.openqa.selenium.support.ThreadGuard$WebDriverInvocationHandler.invokeUnderlying(ThreadGuard.java:101)\r\n\tat org.openqa.selenium.support.ThreadGuard$WebDriverInvocationHandler.invoke(ThreadGuard.java:93)\r\n\tat jdk.proxy2/jdk.proxy2.$Proxy23.findElement(Unknown Source)\r\n\tat Common.handle.WebUI.getWebElement(WebUI.java:347)\r\n\tat Common.handle.WebUI.scrollToElement(WebUI.java:1260)\r\n\tat Setup.project.pages.Cart.CartPage.getProdsInCart(CartPage.java:53)\r\n\tat TestCase.CartTest.loginInvalidUsername(CartTest.java:29)\r\n\tat java.base/jdk.internal.reflect.DirectMethodHandleAccessor.invoke(DirectMethodHandleAccessor.java:104)\r\n\tat java.base/java.lang.reflect.Method.invoke(Method.java:578)\r\n\tat org.testng.internal.MethodInvocationHelper.invokeMethod(MethodInvocationHelper.java:133)\r\n\tat org.testng.internal.TestInvoker.invokeMethod(TestInvoker.java:598)\r\n\tat org.testng.internal.TestInvoker.invokeTestMethod(TestInvoker.java:173)\r\n\tat org.testng.internal.MethodRunner.runInSequence(MethodRunner.java:46)\r\n\tat org.testng.internal.TestInvoker$MethodInvocationAgent.invoke(TestInvoker.java:824)\r\n\tat org.testng.internal.TestInvoker.invokeTestMethods(TestInvoker.java:146)\r\n\tat org.testng.internal.TestMethodWorker.invokeTestMethods(TestMethodWorker.java:146)\r\n\tat org.testng.internal.TestMethodWorker.run(TestMethodWorker.java:128)\r\n\tat java.base/java.util.ArrayList.forEach(ArrayList.java:1511)\r\n\tat org.testng.TestRunner.privateRun(TestRunner.java:794)\r\n\tat org.testng.TestRunner.run(TestRunner.java:596)\r\n\tat org.testng.SuiteRunner.runTest(SuiteRunner.java:377)\r\n\tat org.testng.SuiteRunner.runSequentially(SuiteRunner.java:371)\r\n\tat org.testng.SuiteRunner.privateRun(SuiteRunner.java:332)\r\n\tat org.testng.SuiteRunner.run(SuiteRunner.java:276)\r\n\tat org.testng.SuiteRunnerWorker.runSuite(SuiteRunnerWorker.java:53)\r\n\tat org.testng.SuiteRunnerWorker.run(SuiteRunnerWorker.java:96)\r\n\tat org.testng.TestNG.runSuitesSequentially(TestNG.java:1212)\r\n\tat org.testng.TestNG.runSuitesLocally(TestNG.java:1134)\r\n\tat org.testng.TestNG.runSuites(TestNG.java:1063)\r\n\tat org.testng.TestNG.run(TestNG.java:1031)\r\n\tat com.intellij.rt.testng.IDEARemoteTestNG.run(IDEARemoteTestNG.java:66)\r\n\tat com.intellij.rt.testng.RemoteTestNGStarter.main(RemoteTestNGStarter.java:109)\r\n"},"stage":"finished","steps":[{"name":"getProdsInCart","status":"broken","statusDetails":{"known":false,"muted":false,"flaky":false,"message":"invalid selector: Unable to locate an element with the xpath expression  because of the following error:\nSyntaxError: Failed to execute 'evaluate' on 'Document': The string '' is not a valid XPath expression.\n  (Session info: chrome=108.0.5359.125)\nFor documentation on this error, please visit: https://selenium.dev/exceptions/#invalid_selector_exception\nBuild info: version: '4.6.0', revision: '79f1c02ae20'\nSystem info: os.name: 'Windows 10', os.arch: 'amd64', os.version: '10.0', java.version: '19.0.1'\nDriver info: org.openqa.selenium.chrome.ChromeDriver\nCommand: [251f0840992ff739e3d599155897d428, findElement {using=xpath, value=}]\nCapabilities {acceptInsecureCerts: false, browserName: chrome, browserVersion: 108.0.5359.125, chrome: {chromedriverVersion: 108.0.5359.71 (1e0e3868ee06..., userDataDir: C:\\Users\\Tanapoto\\AppData\\L...}, goog:chromeOptions: {debuggerAddress: localhost:55637}, networkConnectionEnabled: false, pageLoadStrategy: normal, platformName: WINDOWS, proxy: Proxy(), se:cdp: ws://localhost:55637/devtoo..., se:cdpVersion: 108.0.5359.125, setWindowRect: true, strictFileInteractability: false, timeouts: {implicit: 0, pageLoad: 300000, script: 30000}, unhandledPromptBehavior: dismiss and notify, webauthn:extension:credBlob: true, webauthn:extension:largeBlob: true, webauthn:virtualAuthenticators: true}\nSession ID: 251f0840992ff739e3d599155897d428","trace":"org.openqa.selenium.InvalidSelectorException: invalid selector: Unable to locate an element with the xpath expression  because of the following error:\nSyntaxError: Failed to execute 'evaluate' on 'Document': The string '' is not a valid XPath expression.\n  (Session info: chrome=108.0.5359.125)\nFor documentation on this error, please visit: https://selenium.dev/exceptions/#invalid_selector_exception\nBuild info: version: '4.6.0', revision: '79f1c02ae20'\nSystem info: os.name: 'Windows 10', os.arch: 'amd64', os.version: '10.0', java.version: '19.0.1'\nDriver info: org.openqa.selenium.chrome.ChromeDriver\nCommand: [251f0840992ff739e3d599155897d428, findElement {using=xpath, value=}]\nCapabilities {acceptInsecureCerts: false, browserName: chrome, browserVersion: 108.0.5359.125, chrome: {chromedriverVersion: 108.0.5359.71 (1e0e3868ee06..., userDataDir: C:\\Users\\Tanapoto\\AppData\\L...}, goog:chromeOptions: {debuggerAddress: localhost:55637}, networkConnectionEnabled: false, pageLoadStrategy: normal, platformName: WINDOWS, proxy: Proxy(), se:cdp: ws://localhost:55637/devtoo..., se:cdpVersion: 108.0.5359.125, setWindowRect: true, strictFileInteractability: false, timeouts: {implicit: 0, pageLoad: 300000, script: 30000}, unhandledPromptBehavior: dismiss and notify, webauthn:extension:credBlob: true, webauthn:extension:largeBlob: true, webauthn:virtualAuthenticators: true}\nSession ID: 251f0840992ff739e3d599155897d428\r\n\tat java.base/jdk.internal.reflect.DirectConstructorHandleAccessor.newInstance(DirectConstructorHandleAccessor.java:67)\r\n\tat java.base/java.lang.reflect.Constructor.newInstanceWithCaller(Constructor.java:500)\r\n\tat java.base/java.lang.reflect.Constructor.newInstance(Constructor.java:484)\r\n\tat org.openqa.selenium.remote.codec.w3c.W3CHttpResponseCodec.createException(W3CHttpResponseCodec.java:200)\r\n\tat org.openqa.selenium.remote.codec.w3c.W3CHttpResponseCodec.decode(W3CHttpResponseCodec.java:133)\r\n\tat org.openqa.selenium.remote.codec.w3c.W3CHttpResponseCodec.decode(W3CHttpResponseCodec.java:53)\r\n\tat org.openqa.selenium.remote.HttpCommandExecutor.execute(HttpCommandExecutor.java:184)\r\n\tat org.openqa.selenium.remote.service.DriverCommandExecutor.invokeExecute(DriverCommandExecutor.java:167)\r\n\tat org.openqa.selenium.remote.service.DriverCommandExecutor.execute(DriverCommandExecutor.java:142)\r\n\tat org.openqa.selenium.remote.RemoteWebDriver.execute(RemoteWebDriver.java:541)\r\n\tat org.openqa.selenium.remote.ElementLocation$ElementFinder$2.findElement(ElementLocation.java:162)\r\n\tat org.openqa.selenium.remote.ElementLocation.findElement(ElementLocation.java:60)\r\n\tat org.openqa.selenium.remote.RemoteWebDriver.findElement(RemoteWebDriver.java:365)\r\n\tat org.openqa.selenium.remote.RemoteWebDriver.findElement(RemoteWebDriver.java:357)\r\n\tat java.base/jdk.internal.reflect.DirectMethodHandleAccessor.invoke(DirectMethodHandleAccessor.java:104)\r\n\tat java.base/java.lang.reflect.Method.invoke(Method.java:578)\r\n\tat org.openqa.selenium.support.ThreadGuard$WebDriverInvocationHandler.invokeUnderlying(ThreadGuard.java:101)\r\n\tat org.openqa.selenium.support.ThreadGuard$WebDriverInvocationHandler.invoke(ThreadGuard.java:93)\r\n\tat jdk.proxy2/jdk.proxy2.$Proxy23.findElement(Unknown Source)\r\n\tat Common.handle.WebUI.getWebElement(WebUI.java:347)\r\n\tat Common.handle.WebUI.scrollToElement(WebUI.java:1260)\r\n\tat Setup.project.pages.Cart.CartPage.getProdsInCart(CartPage.java:53)\r\n\tat TestCase.CartTest.loginInvalidUsername(CartTest.java:29)\r\n\tat java.base/jdk.internal.reflect.DirectMethodHandleAccessor.invoke(DirectMethodHandleAccessor.java:104)\r\n\tat java.base/java.lang.reflect.Method.invoke(Method.java:578)\r\n\tat org.testng.internal.MethodInvocationHelper.invokeMethod(MethodInvocationHelper.java:133)\r\n\tat org.testng.internal.TestInvoker.invokeMethod(TestInvoker.java:598)\r\n\tat org.testng.internal.TestInvoker.invokeTestMethod(TestInvoker.java:173)\r\n\tat org.testng.internal.MethodRunner.runInSequence(MethodRunner.java:46)\r\n\tat org.testng.internal.TestInvoker$MethodInvocationAgent.invoke(TestInvoker.java:824)\r\n\tat org.testng.internal.TestInvoker.invokeTestMethods(TestInvoker.java:146)\r\n\tat org.testng.internal.TestMethodWorker.invokeTestMethods(TestMethodWorker.java:146)\r\n\tat org.testng.internal.TestMethodWorker.run(TestMethodWorker.java:128)\r\n\tat java.base/java.util.ArrayList.forEach(ArrayList.java:1511)\r\n\tat org.testng.TestRunner.privateRun(TestRunner.java:794)\r\n\tat org.testng.TestRunner.run(TestRunner.java:596)\r\n\tat org.testng.SuiteRunner.runTest(SuiteRunner.java:377)\r\n\tat org.testng.SuiteRunner.runSequentially(SuiteRunner.java:371)\r\n\tat org.testng.SuiteRunner.privateRun(SuiteRunner.java:332)\r\n\tat org.testng.SuiteRunner.run(SuiteRunner.java:276)\r\n\tat org.testng.SuiteRunnerWorker.runSuite(SuiteRunnerWorker.java:53)\r\n\tat org.testng.SuiteRunnerWorker.run(SuiteRunnerWorker.java:96)\r\n\tat org.testng.TestNG.runSuitesSequentially(TestNG.java:1212)\r\n\tat org.testng.TestNG.runSuitesLocally(TestNG.java:1134)\r\n\tat org.testng.TestNG.runSuites(TestNG.java:1063)\r\n\tat org.testng.TestNG.run(TestNG.java:1031)\r\n\tat com.intellij.rt.testng.IDEARemoteTestNG.run(IDEARemoteTestNG.java:66)\r\n\tat com.intellij.rt.testng.RemoteTestNGStarter.main(RemoteTestNGStarter.java:109)\r\n"},"stage":"finished","steps":[{"name":"Open website with URL https://www.saucedemo.com/","status":"passed","stage":"finished","steps":[],"attachments":[{"name":"Open URL: https://www.saucedemo.com/","source":"1af45960-b6fd-46f9-bbea-c06fbc1a4bb4-attachment","type":"text/plain"}],"parameters":[{"name":"URL","value":"https://www.saucedemo.com/"}],"start":1671967462612,"stop":1671967463167},{"name":"Get Page Title","status":"passed","stage":"finished","steps":[],"attachments":[{"name":"Get Current Page Title: Swag Labs","source":"d93801d3-4864-43b1-bf5f-8aa08c012283-attachment","type":"text/plain"}],"parameters":[],"start":1671967463176,"stop":1671967463207},{"name":"Clear value in textbox","status":"passed","stage":"finished","steps":[{"name":"Verify element visible By.xpath: //input[@id='user-name']","status":"passed","stage":"finished","steps":[],"attachments":[],"parameters":[{"name":"by","value":"By.xpath: //input[@id='user-name']"},{"name":"timeout","value":"1"}],"start":1671967463248,"stop":1671967463285}],"attachments":[{"name":"Clear value in textbox","source":"1093ccb4-75f8-4f4a-b9d1-1f3d72303222-attachment","type":"text/plain"}],"parameters":[{"name":"by","value":"By.xpath: //input[@id='user-name']"}],"start":1671967463211,"stop":1671967463351},{"name":"Clear value in textbox","status":"passed","stage":"finished","steps":[{"name":"Verify element visible By.xpath: //input[@id='password']","status":"passed","stage":"finished","steps":[],"attachments":[],"parameters":[{"name":"by","value":"By.xpath: //input[@id='password']"},{"name":"timeout","value":"1"}],"start":1671967463378,"stop":1671967463416}],"attachments":[{"name":"Clear value in textbox","source":"be0f36e5-b0dd-40df-af02-9376315f6e5f-attachment","type":"text/plain"}],"parameters":[{"name":"by","value":"By.xpath: //input[@id='password']"}],"start":1671967463351,"stop":1671967463475},{"name":"Set text on textbox","status":"passed","stage":"finished","steps":[{"name":"Verify element visible By.xpath: //input[@id='user-name']","status":"passed","stage":"finished","steps":[],"attachments":[],"parameters":[{"name":"by","value":"By.xpath: //input[@id='user-name']"},{"name":"timeout","value":"1"}],"start":1671967463491,"stop":1671967463512}],"attachments":[{"name":"Set text standard_user on By.xpath: //input[@id='user-name']","source":"c72bec50-9b50-40ca-a8ce-3881cf701246-attachment","type":"text/plain"}],"parameters":[{"name":"by","value":"By.xpath: //input[@id='user-name']"},{"name":"value","value":"standard_user"}],"start":1671967463475,"stop":1671967463602},{"name":"Set text on textbox","status":"passed","stage":"finished","steps":[{"name":"Verify element visible By.xpath: //input[@id='password']","status":"passed","stage":"finished","steps":[],"attachments":[],"parameters":[{"name":"by","value":"By.xpath: //input[@id='password']"},{"name":"timeout","value":"1"}],"start":1671967463621,"stop":1671967463644}],"attachments":[{"name":"Set text secret_sauce on By.xpath: //input[@id='password']","source":"ef516adc-3873-48e5-9a6d-4b79c4b34e63-attachment","type":"text/plain"}],"parameters":[{"name":"by","value":"By.xpath: //input[@id='password']"},{"name":"value","value":"secret_sauce"}],"start":1671967463602,"stop":1671967463721},{"name":"Click on the element By.xpath: //input[@id='login-button']","status":"passed","stage":"finished","steps":[{"name":"Verify element visible By.xpath: //input[@id='login-button']","status":"passed","stage":"finished","steps":[],"attachments":[],"parameters":[{"name":"by","value":"By.xpath: //input[@id='login-button']"},{"name":"timeout","value":"1"}],"start":1671967463744,"stop":1671967463770}],"attachments":[{"name":"Clicked on the object By.xpath: //input[@id='login-button']","source":"7dce13e3-a518-4007-b776-57a02d53bd81-attachment","type":"text/plain"}],"parameters":[{"name":"by","value":"By.xpath: //input[@id='login-button']"}],"start":1671967463722,"stop":1671967463909},{"name":"Verify Page Url https://www.saucedemo.com/inventory.html","status":"passed","stage":"finished","steps":[],"attachments":[],"parameters":[{"name":"pageUrl","value":"https://www.saucedemo.com/inventory.html"}],"start":1671967463917,"stop":1671967463940},{"name":"Loaded all properties files","status":"passed","stage":"finished","steps":[],"attachments":[],"parameters":[],"start":1671967463943,"stop":1671967463943},{"name":"Scroll to element [[ChromeDriver: chrome on WINDOWS (251f0840992ff739e3d599155897d428)] -> xpath: //div[1]/div[1]/div[1]/div[1]/div[2]/div[2]/button[1]]","status":"passed","stage":"finished","steps":[],"attachments":[],"parameters":[{"name":"element","value":"[[ChromeDriver: chrome on WINDOWS (251f0840992ff739e3d599155897d428)] -> xpath: //div[1]/div[1]/div[1]/div[1]/div[2]/div[2]/button[1]]"}],"start":1671967464044,"stop":1671967464058},{"name":"Scroll to element [[ChromeDriver: chrome on WINDOWS (251f0840992ff739e3d599155897d428)] -> xpath: //div[1]/div[1]/div[1]/div[2]/div[2]/div[2]/button[1]]","status":"passed","stage":"finished","steps":[],"attachments":[],"parameters":[{"name":"element","value":"[[ChromeDriver: chrome on WINDOWS (251f0840992ff739e3d599155897d428)] -> xpath: //div[1]/div[1]/div[1]/div[2]/div[2]/div[2]/button[1]]"}],"start":1671967464114,"stop":1671967464126},{"name":"Scroll to element [[ChromeDriver: chrome on WINDOWS (251f0840992ff739e3d599155897d428)] -> xpath: //div[1]/div[1]/div[1]/div[3]/div[2]/div[2]/button[1]]","status":"passed","stage":"finished","steps":[],"attachments":[],"parameters":[{"name":"element","value":"[[ChromeDriver: chrome on WINDOWS (251f0840992ff739e3d599155897d428)] -> xpath: //div[1]/div[1]/div[1]/div[3]/div[2]/div[2]/button[1]]"}],"start":1671967464184,"stop":1671967464194},{"name":"Scroll to element [[ChromeDriver: chrome on WINDOWS (251f0840992ff739e3d599155897d428)] -> xpath: //div[1]/div[1]/div[1]/div[4]/div[2]/div[2]/button[1]]","status":"passed","stage":"finished","steps":[],"attachments":[],"parameters":[{"name":"element","value":"[[ChromeDriver: chrome on WINDOWS (251f0840992ff739e3d599155897d428)] -> xpath: //div[1]/div[1]/div[1]/div[4]/div[2]/div[2]/button[1]]"}],"start":1671967464244,"stop":1671967464253},{"name":"Scroll to element [[ChromeDriver: chrome on WINDOWS (251f0840992ff739e3d599155897d428)] -> xpath: //div[1]/div[1]/div[1]/div[5]/div[2]/div[2]/button[1]]","status":"passed","stage":"finished","steps":[],"attachments":[],"parameters":[{"name":"element","value":"[[ChromeDriver: chrome on WINDOWS (251f0840992ff739e3d599155897d428)] -> xpath: //div[1]/div[1]/div[1]/div[5]/div[2]/div[2]/button[1]]"}],"start":1671967464304,"stop":1671967464318},{"name":"Scroll to element [[ChromeDriver: chrome on WINDOWS (251f0840992ff739e3d599155897d428)] -> xpath: //div[1]/div[1]/div[1]/div[6]/div[2]/div[2]/button[1]]","status":"passed","stage":"finished","steps":[],"attachments":[],"parameters":[{"name":"element","value":"[[ChromeDriver: chrome on WINDOWS (251f0840992ff739e3d599155897d428)] -> xpath: //div[1]/div[1]/div[1]/div[6]/div[2]/div[2]/button[1]]"}],"start":1671967464371,"stop":1671967464382},{"name":"Click on the element By.xpath: //a[@class='shopping_cart_link']","status":"passed","stage":"finished","steps":[{"name":"Verify element visible By.xpath: //a[@class='shopping_cart_link']","status":"passed","stage":"finished","steps":[],"attachments":[],"parameters":[{"name":"by","value":"By.xpath: //a[@class='shopping_cart_link']"},{"name":"timeout","value":"1"}],"start":1671967464440,"stop":1671967464464}],"attachments":[{"name":"Clicked on the object By.xpath: //a[@class='shopping_cart_link']","source":"a51a3442-bc08-4bf0-b055-4ab1bc1ab75b-attachment","type":"text/plain"}],"parameters":[{"name":"by","value":"By.xpath: //a[@class='shopping_cart_link']"}],"start":1671967464421,"stop":1671967464529},{"name":"Verify Page Url https://www.saucedemo.com/cart.html","status":"passed","stage":"finished","steps":[],"attachments":[],"parameters":[{"name":"pageUrl","value":"https://www.saucedemo.com/cart.html"}],"start":1671967464530,"stop":1671967464543},{"name":"Scroll to element By.xpath: ","status":"broken","statusDetails":{"known":false,"muted":false,"flaky":false,"message":"invalid selector: Unable to locate an element with the xpath expression  because of the following error:\nSyntaxError: Failed to execute 'evaluate' on 'Document': The string '' is not a valid XPath expression.\n  (Session info: chrome=108.0.5359.125)\nFor documentation on this error, please visit: https://selenium.dev/exceptions/#invalid_selector_exception\nBuild info: version: '4.6.0', revision: '79f1c02ae20'\nSystem info: os.name: 'Windows 10', os.arch: 'amd64', os.version: '10.0', java.version: '19.0.1'\nDriver info: org.openqa.selenium.chrome.ChromeDriver\nCommand: [251f0840992ff739e3d599155897d428, findElement {using=xpath, value=}]\nCapabilities {acceptInsecureCerts: false, browserName: chrome, browserVersion: 108.0.5359.125, chrome: {chromedriverVersion: 108.0.5359.71 (1e0e3868ee06..., userDataDir: C:\\Users\\Tanapoto\\AppData\\L...}, goog:chromeOptions: {debuggerAddress: localhost:55637}, networkConnectionEnabled: false, pageLoadStrategy: normal, platformName: WINDOWS, proxy: Proxy(), se:cdp: ws://localhost:55637/devtoo..., se:cdpVersion: 108.0.5359.125, setWindowRect: true, strictFileInteractability: false, timeouts: {implicit: 0, pageLoad: 300000, script: 30000}, unhandledPromptBehavior: dismiss and notify, webauthn:extension:credBlob: true, webauthn:extension:largeBlob: true, webauthn:virtualAuthenticators: true}\nSession ID: 251f0840992ff739e3d599155897d428","trace":"org.openqa.selenium.InvalidSelectorException: invalid selector: Unable to locate an element with the xpath expression  because of the following error:\nSyntaxError: Failed to execute 'evaluate' on 'Document': The string '' is not a valid XPath expression.\n  (Session info: chrome=108.0.5359.125)\nFor documentation on this error, please visit: https://selenium.dev/exceptions/#invalid_selector_exception\nBuild info: version: '4.6.0', revision: '79f1c02ae20'\nSystem info: os.name: 'Windows 10', os.arch: 'amd64', os.version: '10.0', java.version: '19.0.1'\nDriver info: org.openqa.selenium.chrome.ChromeDriver\nCommand: [251f0840992ff739e3d599155897d428, findElement {using=xpath, value=}]\nCapabilities {acceptInsecureCerts: false, browserName: chrome, browserVersion: 108.0.5359.125, chrome: {chromedriverVersion: 108.0.5359.71 (1e0e3868ee06..., userDataDir: C:\\Users\\Tanapoto\\AppData\\L...}, goog:chromeOptions: {debuggerAddress: localhost:55637}, networkConnectionEnabled: false, pageLoadStrategy: normal, platformName: WINDOWS, proxy: Proxy(), se:cdp: ws://localhost:55637/devtoo..., se:cdpVersion: 108.0.5359.125, setWindowRect: true, strictFileInteractability: false, timeouts: {implicit: 0, pageLoad: 300000, script: 30000}, unhandledPromptBehavior: dismiss and notify, webauthn:extension:credBlob: true, webauthn:extension:largeBlob: true, webauthn:virtualAuthenticators: true}\nSession ID: 251f0840992ff739e3d599155897d428\r\n\tat java.base/jdk.internal.reflect.DirectConstructorHandleAccessor.newInstance(DirectConstructorHandleAccessor.java:67)\r\n\tat java.base/java.lang.reflect.Constructor.newInstanceWithCaller(Constructor.java:500)\r\n\tat java.base/java.lang.reflect.Constructor.newInstance(Constructor.java:484)\r\n\tat org.openqa.selenium.remote.codec.w3c.W3CHttpResponseCodec.createException(W3CHttpResponseCodec.java:200)\r\n\tat org.openqa.selenium.remote.codec.w3c.W3CHttpResponseCodec.decode(W3CHttpResponseCodec.java:133)\r\n\tat org.openqa.selenium.remote.codec.w3c.W3CHttpResponseCodec.decode(W3CHttpResponseCodec.java:53)\r\n\tat org.openqa.selenium.remote.HttpCommandExecutor.execute(HttpCommandExecutor.java:184)\r\n\tat org.openqa.selenium.remote.service.DriverCommandExecutor.invokeExecute(DriverCommandExecutor.java:167)\r\n\tat org.openqa.selenium.remote.service.DriverCommandExecutor.execute(DriverCommandExecutor.java:142)\r\n\tat org.openqa.selenium.remote.RemoteWebDriver.execute(RemoteWebDriver.java:541)\r\n\tat org.openqa.selenium.remote.ElementLocation$ElementFinder$2.findElement(ElementLocation.java:162)\r\n\tat org.openqa.selenium.remote.ElementLocation.findElement(ElementLocation.java:60)\r\n\tat org.openqa.selenium.remote.RemoteWebDriver.findElement(RemoteWebDriver.java:365)\r\n\tat org.openqa.selenium.remote.RemoteWebDriver.findElement(RemoteWebDriver.java:357)\r\n\tat java.base/jdk.internal.reflect.DirectMethodHandleAccessor.invoke(DirectMethodHandleAccessor.java:104)\r\n\tat java.base/java.lang.reflect.Method.invoke(Method.java:578)\r\n\tat org.openqa.selenium.support.ThreadGuard$WebDriverInvocationHandler.invokeUnderlying(ThreadGuard.java:101)\r\n\tat org.openqa.selenium.support.ThreadGuard$WebDriverInvocationHandler.invoke(ThreadGuard.java:93)\r\n\tat jdk.proxy2/jdk.proxy2.$Proxy23.findElement(Unknown Source)\r\n\tat Common.handle.WebUI.getWebElement(WebUI.java:347)\r\n\tat Common.handle.WebUI.scrollToElement(WebUI.java:1260)\r\n\tat Setup.project.pages.Cart.CartPage.getProdsInCart(CartPage.java:53)\r\n\tat TestCase.CartTest.loginInvalidUsername(CartTest.java:29)\r\n\tat java.base/jdk.internal.reflect.DirectMethodHandleAccessor.invoke(DirectMethodHandleAccessor.java:104)\r\n\tat java.base/java.lang.reflect.Method.invoke(Method.java:578)\r\n\tat org.testng.internal.MethodInvocationHelper.invokeMethod(MethodInvocationHelper.java:133)\r\n\tat org.testng.internal.TestInvoker.invokeMethod(TestInvoker.java:598)\r\n\tat org.testng.internal.TestInvoker.invokeTestMethod(TestInvoker.java:173)\r\n\tat org.testng.internal.MethodRunner.runInSequence(MethodRunner.java:46)\r\n\tat org.testng.internal.TestInvoker$MethodInvocationAgent.invoke(TestInvoker.java:824)\r\n\tat org.testng.internal.TestInvoker.invokeTestMethods(TestInvoker.java:146)\r\n\tat org.testng.internal.TestMethodWorker.invokeTestMethods(TestMethodWorker.java:146)\r\n\tat org.testng.internal.TestMethodWorker.run(TestMethodWorker.java:128)\r\n\tat java.base/java.util.ArrayList.forEach(ArrayList.java:1511)\r\n\tat org.testng.TestRunner.privateRun(TestRunner.java:794)\r\n\tat org.testng.TestRunner.run(TestRunner.java:596)\r\n\tat org.testng.SuiteRunner.runTest(SuiteRunner.java:377)\r\n\tat org.testng.SuiteRunner.runSequentially(SuiteRunner.java:371)\r\n\tat org.testng.SuiteRunner.privateRun(SuiteRunner.java:332)\r\n\tat org.testng.SuiteRunner.run(SuiteRunner.java:276)\r\n\tat org.testng.SuiteRunnerWorker.runSuite(SuiteRunnerWorker.java:53)\r\n\tat org.testng.SuiteRunnerWorker.run(SuiteRunnerWorker.java:96)\r\n\tat org.testng.TestNG.runSuitesSequentially(TestNG.java:1212)\r\n\tat org.testng.TestNG.runSuitesLocally(TestNG.java:1134)\r\n\tat org.testng.TestNG.runSuites(TestNG.java:1063)\r\n\tat org.testng.TestNG.run(TestNG.java:1031)\r\n\tat com.intellij.rt.testng.IDEARemoteTestNG.run(IDEARemoteTestNG.java:66)\r\n\tat com.intellij.rt.testng.RemoteTestNGStarter.main(RemoteTestNGStarter.java:109)\r\n"},"stage":"finished","steps":[],"attachments":[],"parameters":[{"name":"by","value":"By.xpath: "}],"start":1671967469562,"stop":1671967469595}],"attachments":[],"parameters":[{"name":"data","value":"{CART_LINK=https://www.saucedemo.com/cart.html, PRODUCT_DESCRIPTION=carry.allTheThings() with the sleek, streamlined Sly Pack that melds uncompromising style with unequaled laptop and tablet protection., TESTCASEID=getCaseData, PRODUCT_PRICE=29.99, PRODUCT_NAME=Sauce Labs Backpack}"}],"start":1671967462419,"stop":1671967469595}],"attachments":[{"name":"Failed test screenshot","source":"f0d9dbde-c4cb-4cd9-8901-8aff4454ac8a-attachment","type":"image/png"},{"name":"org.openqa.selenium.InvalidSelectorException: invalid selector: Unable to locate an element with the xpath expression  because of the following error:\nSyntaxError: Failed to execute 'evaluate' on 'Document': The string '' is not a valid XPath expression.\n  (Session info: chrome=108.0.5359.125)\nFor documentation on this error, please visit: https://selenium.dev/exceptions/#invalid_selector_exception\nBuild info: version: '4.6.0', revision: '79f1c02ae20'\nSystem info: os.name: 'Windows 10', os.arch: 'amd64', os.version: '10.0', java.version: '19.0.1'\nDriver info: org.openqa.selenium.chrome.ChromeDriver\nCommand: [251f0840992ff739e3d599155897d428, findElement {using=xpath, value=}]\nCapabilities {acceptInsecureCerts: false, browserName: chrome, browserVersion: 108.0.5359.125, chrome: {chromedriverVersion: 108.0.5359.71 (1e0e3868ee06..., userDataDir: C:\\Users\\Tanapoto\\AppData\\L...}, goog:chromeOptions: {debuggerAddress: localhost:55637}, networkConnectionEnabled: false, pageLoadStrategy: normal, platformName: WINDOWS, proxy: Proxy(), se:cdp: ws://localhost:55637/devtoo..., se:cdpVersion: 108.0.5359.125, setWindowRect: true, strictFileInteractability: false, timeouts: {implicit: 0, pageLoad: 300000, script: 30000}, unhandledPromptBehavior: dismiss and notify, webauthn:extension:credBlob: true, webauthn:extension:largeBlob: true, webauthn:virtualAuthenticators: true}\nSession ID: 251f0840992ff739e3d599155897d428","source":"a3fdc5d5-3ee5-46c0-a7ef-db69bec6a51a-attachment","type":"text/plain"}],"parameters":[{"name":"URL","value":"https://www.saucedemo.com/"},{"name":"browserType","value":"chrome"},{"name":"arg0","value":"{CART_LINK=https://www.saucedemo.com/cart.html, PRODUCT_DESCRIPTION=carry.allTheThings() with the sleek, streamlined Sly Pack that melds uncompromising style with unequaled laptop and tablet protection., TESTCASEID=getCaseData, PRODUCT_PRICE=29.99, PRODUCT_NAME=Sauce Labs Backpack}"}],"start":1671967462415,"stop":1671967470402}