{"uuid":"bb86de20-b280-4730-bef9-f5d8a9c48a97","historyId":"ca332f55d4bf9f63782636d7242a1539","fullName":"TestCase.LoginTest.loginEmptyPassword","labels":[{"name":"package","value":"TestCase.LoginTest"},{"name":"testClass","value":"TestCase.LoginTest"},{"name":"testMethod","value":"loginEmptyPassword"},{"name":"parentSuite","value":"Sauce_demo"},{"name":"suite","value":"Selenium_PJ_Test"},{"name":"subSuite","value":"TestCase.LoginTest"},{"name":"host","value":"DESKTOP-NOCLH30"},{"name":"thread","value":"3064@DESKTOP-NOCLH30.main(1)"},{"name":"framework","value":"testng"},{"name":"language","value":"java"},{"name":"feature","value":"Login Test"},{"name":"epic","value":"Regression Test Automation Practice"}],"links":[],"name":"loginEmptyPassword","status":"failed","statusDetails":{"known":false,"muted":false,"flaky":false,"message":"Timeout waiting for the element Visible. By.xpath: //input[@id='login-button']","trace":"java.lang.AssertionError: Timeout waiting for the element Visible. By.xpath: //input[@id='login-button']\r\n\tat org.testng.Assert.fail(Assert.java:99)\r\n\tat Common.handle.WebUI.waitForElementVisible(WebUI.java:1751)\r\n\tat Common.handle.WebUI.clickElement(WebUI.java:1535)\r\n\tat Setup.project.pages.Login.LoginPage.loginEmptyPassword(LoginPage.java:75)\r\n\tat TestCase.LoginTest.loginEmptyPassword(LoginTest.java:43)\r\n\tat java.base/jdk.internal.reflect.DirectMethodHandleAccessor.invoke(DirectMethodHandleAccessor.java:104)\r\n\tat java.base/java.lang.reflect.Method.invoke(Method.java:578)\r\n\tat org.testng.internal.MethodInvocationHelper.invokeMethod(MethodInvocationHelper.java:133)\r\n\tat org.testng.internal.TestInvoker.invokeMethod(TestInvoker.java:598)\r\n\tat org.testng.internal.TestInvoker.invokeTestMethod(TestInvoker.java:173)\r\n\tat org.testng.internal.MethodRunner.runInSequence(MethodRunner.java:46)\r\n\tat org.testng.internal.TestInvoker$MethodInvocationAgent.invoke(TestInvoker.java:824)\r\n\tat org.testng.internal.TestInvoker.invokeTestMethods(TestInvoker.java:146)\r\n\tat org.testng.internal.TestMethodWorker.invokeTestMethods(TestMethodWorker.java:146)\r\n\tat org.testng.internal.TestMethodWorker.run(TestMethodWorker.java:128)\r\n\tat java.base/java.util.ArrayList.forEach(ArrayList.java:1511)\r\n\tat org.testng.TestRunner.privateRun(TestRunner.java:794)\r\n\tat org.testng.TestRunner.run(TestRunner.java:596)\r\n\tat org.testng.SuiteRunner.runTest(SuiteRunner.java:377)\r\n\tat org.testng.SuiteRunner.runSequentially(SuiteRunner.java:371)\r\n\tat org.testng.SuiteRunner.privateRun(SuiteRunner.java:332)\r\n\tat org.testng.SuiteRunner.run(SuiteRunner.java:276)\r\n\tat org.testng.SuiteRunnerWorker.runSuite(SuiteRunnerWorker.java:53)\r\n\tat org.testng.SuiteRunnerWorker.run(SuiteRunnerWorker.java:96)\r\n\tat org.testng.TestNG.runSuitesSequentially(TestNG.java:1212)\r\n\tat org.testng.TestNG.runSuitesLocally(TestNG.java:1134)\r\n\tat org.testng.TestNG.runSuites(TestNG.java:1063)\r\n\tat org.testng.TestNG.run(TestNG.java:1031)\r\n\tat com.intellij.rt.testng.IDEARemoteTestNG.run(IDEARemoteTestNG.java:66)\r\n\tat com.intellij.rt.testng.RemoteTestNGStarter.main(RemoteTestNGStarter.java:109)\r\n"},"stage":"finished","steps":[{"name":"loginTestDataProvider4","status":"failed","statusDetails":{"known":false,"muted":false,"flaky":false,"message":"Timeout waiting for the element Visible. By.xpath: //input[@id='login-button']","trace":"java.lang.AssertionError: Timeout waiting for the element Visible. By.xpath: //input[@id='login-button']\r\n\tat org.testng.Assert.fail(Assert.java:99)\r\n\tat Common.handle.WebUI.waitForElementVisible(WebUI.java:1751)\r\n\tat Common.handle.WebUI.clickElement(WebUI.java:1535)\r\n\tat Setup.project.pages.Login.LoginPage.loginEmptyPassword(LoginPage.java:75)\r\n\tat TestCase.LoginTest.loginEmptyPassword(LoginTest.java:43)\r\n\tat java.base/jdk.internal.reflect.DirectMethodHandleAccessor.invoke(DirectMethodHandleAccessor.java:104)\r\n\tat java.base/java.lang.reflect.Method.invoke(Method.java:578)\r\n\tat org.testng.internal.MethodInvocationHelper.invokeMethod(MethodInvocationHelper.java:133)\r\n\tat org.testng.internal.TestInvoker.invokeMethod(TestInvoker.java:598)\r\n\tat org.testng.internal.TestInvoker.invokeTestMethod(TestInvoker.java:173)\r\n\tat org.testng.internal.MethodRunner.runInSequence(MethodRunner.java:46)\r\n\tat org.testng.internal.TestInvoker$MethodInvocationAgent.invoke(TestInvoker.java:824)\r\n\tat org.testng.internal.TestInvoker.invokeTestMethods(TestInvoker.java:146)\r\n\tat org.testng.internal.TestMethodWorker.invokeTestMethods(TestMethodWorker.java:146)\r\n\tat org.testng.internal.TestMethodWorker.run(TestMethodWorker.java:128)\r\n\tat java.base/java.util.ArrayList.forEach(ArrayList.java:1511)\r\n\tat org.testng.TestRunner.privateRun(TestRunner.java:794)\r\n\tat org.testng.TestRunner.run(TestRunner.java:596)\r\n\tat org.testng.SuiteRunner.runTest(SuiteRunner.java:377)\r\n\tat org.testng.SuiteRunner.runSequentially(SuiteRunner.java:371)\r\n\tat org.testng.SuiteRunner.privateRun(SuiteRunner.java:332)\r\n\tat org.testng.SuiteRunner.run(SuiteRunner.java:276)\r\n\tat org.testng.SuiteRunnerWorker.runSuite(SuiteRunnerWorker.java:53)\r\n\tat org.testng.SuiteRunnerWorker.run(SuiteRunnerWorker.java:96)\r\n\tat org.testng.TestNG.runSuitesSequentially(TestNG.java:1212)\r\n\tat org.testng.TestNG.runSuitesLocally(TestNG.java:1134)\r\n\tat org.testng.TestNG.runSuites(TestNG.java:1063)\r\n\tat org.testng.TestNG.run(TestNG.java:1031)\r\n\tat com.intellij.rt.testng.IDEARemoteTestNG.run(IDEARemoteTestNG.java:66)\r\n\tat com.intellij.rt.testng.RemoteTestNGStarter.main(RemoteTestNGStarter.java:109)\r\n"},"stage":"finished","steps":[{"name":"Open website with URL https://www.saucedemo.com/","status":"passed","stage":"finished","steps":[],"attachments":[{"name":"Open URL: https://www.saucedemo.com/","source":"f702ecf2-b4f5-4ad3-aadd-b94d4861b384-attachment","type":"text/plain"}],"parameters":[{"name":"URL","value":"https://www.saucedemo.com/"}],"start":1672067489912,"stop":1672067490623},{"name":"Get Page Title","status":"passed","stage":"finished","steps":[],"attachments":[{"name":"Get Current Page Title: Swag Labs","source":"d44623ad-af6a-4726-826e-cae366ae5a1c-attachment","type":"text/plain"}],"parameters":[],"start":1672067490630,"stop":1672067490663},{"name":"Clear value in textbox","status":"passed","stage":"finished","steps":[{"name":"Verify element visible By.xpath: //input[@id='user-name']","status":"passed","stage":"finished","steps":[],"attachments":[],"parameters":[{"name":"by","value":"By.xpath: //input[@id='user-name']"},{"name":"timeout","value":"1"}],"start":1672067490699,"stop":1672067490749}],"attachments":[{"name":"Clear value in textbox","source":"8f1a46e1-b910-4dc9-999a-eab67374eda8-attachment","type":"text/plain"}],"parameters":[{"name":"by","value":"By.xpath: //input[@id='user-name']"}],"start":1672067490663,"stop":1672067490830},{"name":"Clear value in textbox","status":"passed","stage":"finished","steps":[{"name":"Verify element visible By.xpath: //input[@id='password']","status":"passed","stage":"finished","steps":[],"attachments":[],"parameters":[{"name":"by","value":"By.xpath: //input[@id='password']"},{"name":"timeout","value":"1"}],"start":1672067490861,"stop":1672067490893}],"attachments":[{"name":"Clear value in textbox","source":"5e67c86d-af05-4b6f-880a-dcbf67b3fa15-attachment","type":"text/plain"}],"parameters":[{"name":"by","value":"By.xpath: //input[@id='password']"}],"start":1672067490830,"stop":1672067490961},{"name":"Set text on textbox","status":"passed","stage":"finished","steps":[{"name":"Verify element visible By.xpath: //input[@id='user-name']","status":"passed","stage":"finished","steps":[],"attachments":[],"parameters":[{"name":"by","value":"By.xpath: //input[@id='user-name']"},{"name":"timeout","value":"1"}],"start":1672067490981,"stop":1672067491005}],"attachments":[{"name":"Set text standard_user on By.xpath: //input[@id='user-name']","source":"9c0d295f-97b8-4b9b-ba90-42b9459245fc-attachment","type":"text/plain"}],"parameters":[{"name":"by","value":"By.xpath: //input[@id='user-name']"},{"name":"value","value":"standard_user"}],"start":1672067490961,"stop":1672067491158},{"name":"Set text on textbox","status":"passed","stage":"finished","steps":[{"name":"Verify element visible By.xpath: //input[@id='password']","status":"passed","stage":"finished","steps":[],"attachments":[],"parameters":[{"name":"by","value":"By.xpath: //input[@id='password']"},{"name":"timeout","value":"1"}],"start":1672067491176,"stop":1672067491204}],"attachments":[{"name":"Set text  on By.xpath: //input[@id='password']","source":"c08e3979-04c4-4604-88e3-d6f90b4d0d94-attachment","type":"text/plain"}],"parameters":[{"name":"by","value":"By.xpath: //input[@id='password']"},{"name":"value","value":""}],"start":1672067491158,"stop":1672067491282},{"name":"Click on the element By.xpath: //input[@id='login-button']","status":"failed","statusDetails":{"known":false,"muted":false,"flaky":false,"message":"Timeout waiting for the element Visible. By.xpath: //input[@id='login-button']","trace":"java.lang.AssertionError: Timeout waiting for the element Visible. By.xpath: //input[@id='login-button']\r\n\tat org.testng.Assert.fail(Assert.java:99)\r\n\tat Common.handle.WebUI.waitForElementVisible(WebUI.java:1751)\r\n\tat Common.handle.WebUI.clickElement(WebUI.java:1535)\r\n\tat Setup.project.pages.Login.LoginPage.loginEmptyPassword(LoginPage.java:75)\r\n\tat TestCase.LoginTest.loginEmptyPassword(LoginTest.java:43)\r\n\tat java.base/jdk.internal.reflect.DirectMethodHandleAccessor.invoke(DirectMethodHandleAccessor.java:104)\r\n\tat java.base/java.lang.reflect.Method.invoke(Method.java:578)\r\n\tat org.testng.internal.MethodInvocationHelper.invokeMethod(MethodInvocationHelper.java:133)\r\n\tat org.testng.internal.TestInvoker.invokeMethod(TestInvoker.java:598)\r\n\tat org.testng.internal.TestInvoker.invokeTestMethod(TestInvoker.java:173)\r\n\tat org.testng.internal.MethodRunner.runInSequence(MethodRunner.java:46)\r\n\tat org.testng.internal.TestInvoker$MethodInvocationAgent.invoke(TestInvoker.java:824)\r\n\tat org.testng.internal.TestInvoker.invokeTestMethods(TestInvoker.java:146)\r\n\tat org.testng.internal.TestMethodWorker.invokeTestMethods(TestMethodWorker.java:146)\r\n\tat org.testng.internal.TestMethodWorker.run(TestMethodWorker.java:128)\r\n\tat java.base/java.util.ArrayList.forEach(ArrayList.java:1511)\r\n\tat org.testng.TestRunner.privateRun(TestRunner.java:794)\r\n\tat org.testng.TestRunner.run(TestRunner.java:596)\r\n\tat org.testng.SuiteRunner.runTest(SuiteRunner.java:377)\r\n\tat org.testng.SuiteRunner.runSequentially(SuiteRunner.java:371)\r\n\tat org.testng.SuiteRunner.privateRun(SuiteRunner.java:332)\r\n\tat org.testng.SuiteRunner.run(SuiteRunner.java:276)\r\n\tat org.testng.SuiteRunnerWorker.runSuite(SuiteRunnerWorker.java:53)\r\n\tat org.testng.SuiteRunnerWorker.run(SuiteRunnerWorker.java:96)\r\n\tat org.testng.TestNG.runSuitesSequentially(TestNG.java:1212)\r\n\tat org.testng.TestNG.runSuitesLocally(TestNG.java:1134)\r\n\tat org.testng.TestNG.runSuites(TestNG.java:1063)\r\n\tat org.testng.TestNG.run(TestNG.java:1031)\r\n\tat com.intellij.rt.testng.IDEARemoteTestNG.run(IDEARemoteTestNG.java:66)\r\n\tat com.intellij.rt.testng.RemoteTestNGStarter.main(RemoteTestNGStarter.java:109)\r\n"},"stage":"finished","steps":[{"name":"Verify element visible By.xpath: //input[@id='login-button']","status":"passed","stage":"finished","steps":[],"attachments":[],"parameters":[{"name":"by","value":"By.xpath: //input[@id='login-button']"},{"name":"timeout","value":"1"}],"start":1672067491307,"stop":1672067492363},{"name":"Scroll to element By.xpath: //input[@id='login-button']","status":"broken","statusDetails":{"known":false,"muted":false,"flaky":false,"message":"no such window: target window already closed\nfrom unknown error: web view not found\n  (Session info: chrome=108.0.5359.125)\nBuild info: version: '4.6.0', revision: '79f1c02ae20'\nSystem info: os.name: 'Windows 10', os.arch: 'amd64', os.version: '10.0', java.version: '19.0.1'\nDriver info: org.openqa.selenium.chrome.ChromeDriver\nCommand: [92b550c6b2cbb2668f2d1007d48dab3a, executeScript {script=return document.readyState, args=[]}]\nCapabilities {acceptInsecureCerts: false, browserName: chrome, browserVersion: 108.0.5359.125, chrome: {chromedriverVersion: 108.0.5359.71 (1e0e3868ee06..., userDataDir: C:\\Users\\Tanapoto\\AppData\\L...}, goog:chromeOptions: {debuggerAddress: localhost:53089}, networkConnectionEnabled: false, pageLoadStrategy: normal, platformName: WINDOWS, proxy: Proxy(), se:cdp: ws://localhost:53089/devtoo..., se:cdpVersion: 108.0.5359.125, setWindowRect: true, strictFileInteractability: false, timeouts: {implicit: 0, pageLoad: 300000, script: 30000}, unhandledPromptBehavior: dismiss and notify, webauthn:extension:credBlob: true, webauthn:extension:largeBlob: true, webauthn:virtualAuthenticators: true}\nSession ID: 92b550c6b2cbb2668f2d1007d48dab3a","trace":"org.openqa.selenium.NoSuchWindowException: no such window: target window already closed\nfrom unknown error: web view not found\n  (Session info: chrome=108.0.5359.125)\nBuild info: version: '4.6.0', revision: '79f1c02ae20'\nSystem info: os.name: 'Windows 10', os.arch: 'amd64', os.version: '10.0', java.version: '19.0.1'\nDriver info: org.openqa.selenium.chrome.ChromeDriver\nCommand: [92b550c6b2cbb2668f2d1007d48dab3a, executeScript {script=return document.readyState, args=[]}]\nCapabilities {acceptInsecureCerts: false, browserName: chrome, browserVersion: 108.0.5359.125, chrome: {chromedriverVersion: 108.0.5359.71 (1e0e3868ee06..., userDataDir: C:\\Users\\Tanapoto\\AppData\\L...}, goog:chromeOptions: {debuggerAddress: localhost:53089}, networkConnectionEnabled: false, pageLoadStrategy: normal, platformName: WINDOWS, proxy: Proxy(), se:cdp: ws://localhost:53089/devtoo..., se:cdpVersion: 108.0.5359.125, setWindowRect: true, strictFileInteractability: false, timeouts: {implicit: 0, pageLoad: 300000, script: 30000}, unhandledPromptBehavior: dismiss and notify, webauthn:extension:credBlob: true, webauthn:extension:largeBlob: true, webauthn:virtualAuthenticators: true}\nSession ID: 92b550c6b2cbb2668f2d1007d48dab3a\r\n\tat java.base/jdk.internal.reflect.DirectConstructorHandleAccessor.newInstance(DirectConstructorHandleAccessor.java:67)\r\n\tat java.base/java.lang.reflect.Constructor.newInstanceWithCaller(Constructor.java:500)\r\n\tat java.base/java.lang.reflect.Constructor.newInstance(Constructor.java:484)\r\n\tat org.openqa.selenium.remote.codec.w3c.W3CHttpResponseCodec.createException(W3CHttpResponseCodec.java:200)\r\n\tat org.openqa.selenium.remote.codec.w3c.W3CHttpResponseCodec.decode(W3CHttpResponseCodec.java:133)\r\n\tat org.openqa.selenium.remote.codec.w3c.W3CHttpResponseCodec.decode(W3CHttpResponseCodec.java:53)\r\n\tat org.openqa.selenium.remote.HttpCommandExecutor.execute(HttpCommandExecutor.java:184)\r\n\tat org.openqa.selenium.remote.service.DriverCommandExecutor.invokeExecute(DriverCommandExecutor.java:167)\r\n\tat org.openqa.selenium.remote.service.DriverCommandExecutor.execute(DriverCommandExecutor.java:142)\r\n\tat org.openqa.selenium.remote.RemoteWebDriver.execute(RemoteWebDriver.java:541)\r\n\tat org.openqa.selenium.remote.RemoteWebDriver.executeScript(RemoteWebDriver.java:478)\r\n\tat java.base/jdk.internal.reflect.DirectMethodHandleAccessor.invoke(DirectMethodHandleAccessor.java:104)\r\n\tat java.base/java.lang.reflect.Method.invoke(Method.java:578)\r\n\tat org.openqa.selenium.support.ThreadGuard$WebDriverInvocationHandler.invokeUnderlying(ThreadGuard.java:101)\r\n\tat org.openqa.selenium.support.ThreadGuard$WebDriverInvocationHandler.invoke(ThreadGuard.java:93)\r\n\tat jdk.proxy2/jdk.proxy2.$Proxy23.executeScript(Unknown Source)\r\n\tat Common.handle.WebUI.waitForPageLoaded(WebUI.java:1860)\r\n\tat Common.handle.WebUI.smartWait(WebUI.java:69)\r\n\tat Common.handle.WebUI.scrollToElement(WebUI.java:1257)\r\n\tat Common.handle.WebUI.waitForElementVisible(WebUI.java:1747)\r\n\tat Common.handle.WebUI.clickElement(WebUI.java:1535)\r\n\tat Setup.project.pages.Login.LoginPage.loginEmptyPassword(LoginPage.java:75)\r\n\tat TestCase.LoginTest.loginEmptyPassword(LoginTest.java:43)\r\n\tat java.base/jdk.internal.reflect.DirectMethodHandleAccessor.invoke(DirectMethodHandleAccessor.java:104)\r\n\tat java.base/java.lang.reflect.Method.invoke(Method.java:578)\r\n\tat org.testng.internal.MethodInvocationHelper.invokeMethod(MethodInvocationHelper.java:133)\r\n\tat org.testng.internal.TestInvoker.invokeMethod(TestInvoker.java:598)\r\n\tat org.testng.internal.TestInvoker.invokeTestMethod(TestInvoker.java:173)\r\n\tat org.testng.internal.MethodRunner.runInSequence(MethodRunner.java:46)\r\n\tat org.testng.internal.TestInvoker$MethodInvocationAgent.invoke(TestInvoker.java:824)\r\n\tat org.testng.internal.TestInvoker.invokeTestMethods(TestInvoker.java:146)\r\n\tat org.testng.internal.TestMethodWorker.invokeTestMethods(TestMethodWorker.java:146)\r\n\tat org.testng.internal.TestMethodWorker.run(TestMethodWorker.java:128)\r\n\tat java.base/java.util.ArrayList.forEach(ArrayList.java:1511)\r\n\tat org.testng.TestRunner.privateRun(TestRunner.java:794)\r\n\tat org.testng.TestRunner.run(TestRunner.java:596)\r\n\tat org.testng.SuiteRunner.runTest(SuiteRunner.java:377)\r\n\tat org.testng.SuiteRunner.runSequentially(SuiteRunner.java:371)\r\n\tat org.testng.SuiteRunner.privateRun(SuiteRunner.java:332)\r\n\tat org.testng.SuiteRunner.run(SuiteRunner.java:276)\r\n\tat org.testng.SuiteRunnerWorker.runSuite(SuiteRunnerWorker.java:53)\r\n\tat org.testng.SuiteRunnerWorker.run(SuiteRunnerWorker.java:96)\r\n\tat org.testng.TestNG.runSuitesSequentially(TestNG.java:1212)\r\n\tat org.testng.TestNG.runSuitesLocally(TestNG.java:1134)\r\n\tat org.testng.TestNG.runSuites(TestNG.java:1063)\r\n\tat org.testng.TestNG.run(TestNG.java:1031)\r\n\tat com.intellij.rt.testng.IDEARemoteTestNG.run(IDEARemoteTestNG.java:66)\r\n\tat com.intellij.rt.testng.RemoteTestNGStarter.main(RemoteTestNGStarter.java:109)\r\n"},"stage":"finished","steps":[],"attachments":[],"parameters":[{"name":"by","value":"By.xpath: //input[@id='login-button']"}],"start":1672067492363,"stop":1672067492369}],"attachments":[],"parameters":[{"name":"by","value":"By.xpath: //input[@id='login-button']"}],"start":1672067491282,"stop":1672067492369}],"attachments":[],"parameters":[{"name":"data","value":"{TESTCASE=Login failure with empty password, STEPS=1. Go to URL: \"https://www.saucedemo.com/\"\n2. Enter your own Username in Username textbox \n3. Enter empty password in Password textbox \n4. Click on \"Login\" button   , EXPECTED_ERROR=Epic sadface: Password is required, EXPECTED_URL=https://www.saucedemo.com/, TESTCASEID=loginEmptyPassword, USERNAME=standard_user, =, PASSWORD=}"}],"start":1672067489806,"stop":1672067492369}],"attachments":[{"name":"Failed test screenshot","source":"92fc28bd-4ea9-45bf-a411-7129540f4767-attachment","type":"image/png"},{"name":"java.lang.AssertionError: Timeout waiting for the element Visible. By.xpath: //input[@id='login-button']","source":"064d5bb1-0ca0-44fc-b938-4cc86d702a19-attachment","type":"text/plain"}],"parameters":[{"name":"URL","value":"https://www.saucedemo.com/"},{"name":"browserType","value":"chrome"},{"name":"arg0","value":"{TESTCASE=Login failure with empty password, STEPS=1. Go to URL: \"https://www.saucedemo.com/\"\n2. Enter your own Username in Username textbox \n3. Enter empty password in Password textbox \n4. Click on \"Login\" button   , EXPECTED_ERROR=Epic sadface: Password is required, EXPECTED_URL=https://www.saucedemo.com/, TESTCASEID=loginEmptyPassword, USERNAME=standard_user, =, PASSWORD=}"}],"start":1672067489805,"stop":1672067492796}