{"uuid":"d53d21ef-512f-4c6b-ba24-dead1d04c2f5","historyId":"5de9985ab8b031ee78c3ebd5582eb786","fullName":"TestCase.CartTest.loginInvalidUsername","labels":[{"name":"package","value":"TestCase.CartTest"},{"name":"testClass","value":"TestCase.CartTest"},{"name":"testMethod","value":"loginInvalidUsername"},{"name":"parentSuite","value":"Sauce_demo"},{"name":"suite","value":"Selenium_PJ_Test"},{"name":"subSuite","value":"TestCase.CartTest"},{"name":"host","value":"DESKTOP-NOCLH30"},{"name":"thread","value":"14048@DESKTOP-NOCLH30.main(1)"},{"name":"framework","value":"testng"},{"name":"language","value":"java"},{"name":"feature","value":"Cart Test"},{"name":"epic","value":"Regression Test Automation Practice"}],"links":[],"name":"loginInvalidUsername","status":"broken","statusDetails":{"known":false,"muted":false,"flaky":false,"message":"invalid selector: Unable to locate an element with the xpath expression  because of the following error:\nSyntaxError: Failed to execute 'evaluate' on 'Document': The string '' is not a valid XPath expression.\n  (Session info: chrome=108.0.5359.125)\nFor documentation on this error, please visit: https://selenium.dev/exceptions/#invalid_selector_exception\nBuild info: version: '4.6.0', revision: '79f1c02ae20'\nSystem info: os.name: 'Windows 10', os.arch: 'amd64', os.version: '10.0', java.version: '19.0.1'\nDriver info: org.openqa.selenium.chrome.ChromeDriver\nCommand: [56212d2f4a8fc3a8482e23d3d0839a78, findElement {using=xpath, value=}]\nCapabilities {acceptInsecureCerts: false, browserName: chrome, browserVersion: 108.0.5359.125, chrome: {chromedriverVersion: 108.0.5359.71 (1e0e3868ee06..., userDataDir: C:\\Users\\Tanapoto\\AppData\\L...}, goog:chromeOptions: {debuggerAddress: localhost:55682}, networkConnectionEnabled: false, pageLoadStrategy: normal, platformName: WINDOWS, proxy: Proxy(), se:cdp: ws://localhost:55682/devtoo..., se:cdpVersion: 108.0.5359.125, setWindowRect: true, strictFileInteractability: false, timeouts: {implicit: 0, pageLoad: 300000, script: 30000}, unhandledPromptBehavior: dismiss and notify, webauthn:extension:credBlob: true, webauthn:extension:largeBlob: true, webauthn:virtualAuthenticators: true}\nSession ID: 56212d2f4a8fc3a8482e23d3d0839a78","trace":"org.openqa.selenium.InvalidSelectorException: invalid selector: Unable to locate an element with the xpath expression  because of the following error:\nSyntaxError: Failed to execute 'evaluate' on 'Document': The string '' is not a valid XPath expression.\n  (Session info: chrome=108.0.5359.125)\nFor documentation on this error, please visit: https://selenium.dev/exceptions/#invalid_selector_exception\nBuild info: version: '4.6.0', revision: '79f1c02ae20'\nSystem info: os.name: 'Windows 10', os.arch: 'amd64', os.version: '10.0', java.version: '19.0.1'\nDriver info: org.openqa.selenium.chrome.ChromeDriver\nCommand: [56212d2f4a8fc3a8482e23d3d0839a78, findElement {using=xpath, value=}]\nCapabilities {acceptInsecureCerts: false, browserName: chrome, browserVersion: 108.0.5359.125, chrome: {chromedriverVersion: 108.0.5359.71 (1e0e3868ee06..., userDataDir: C:\\Users\\Tanapoto\\AppData\\L...}, goog:chromeOptions: {debuggerAddress: localhost:55682}, networkConnectionEnabled: false, pageLoadStrategy: normal, platformName: WINDOWS, proxy: Proxy(), se:cdp: ws://localhost:55682/devtoo..., se:cdpVersion: 108.0.5359.125, setWindowRect: true, strictFileInteractability: false, timeouts: {implicit: 0, pageLoad: 300000, script: 30000}, unhandledPromptBehavior: dismiss and notify, webauthn:extension:credBlob: true, webauthn:extension:largeBlob: true, webauthn:virtualAuthenticators: true}\nSession ID: 56212d2f4a8fc3a8482e23d3d0839a78\r\n\tat java.base/jdk.internal.reflect.DirectConstructorHandleAccessor.newInstance(DirectConstructorHandleAccessor.java:67)\r\n\tat java.base/java.lang.reflect.Constructor.newInstanceWithCaller(Constructor.java:500)\r\n\tat java.base/java.lang.reflect.Constructor.newInstance(Constructor.java:484)\r\n\tat org.openqa.selenium.remote.codec.w3c.W3CHttpResponseCodec.createException(W3CHttpResponseCodec.java:200)\r\n\tat org.openqa.selenium.remote.codec.w3c.W3CHttpResponseCodec.decode(W3CHttpResponseCodec.java:133)\r\n\tat org.openqa.selenium.remote.codec.w3c.W3CHttpResponseCodec.decode(W3CHttpResponseCodec.java:53)\r\n\tat org.openqa.selenium.remote.HttpCommandExecutor.execute(HttpCommandExecutor.java:184)\r\n\tat org.openqa.selenium.remote.service.DriverCommandExecutor.invokeExecute(DriverCommandExecutor.java:167)\r\n\tat org.openqa.selenium.remote.service.DriverCommandExecutor.execute(DriverCommandExecutor.java:142)\r\n\tat org.openqa.selenium.remote.RemoteWebDriver.execute(RemoteWebDriver.java:541)\r\n\tat org.openqa.selenium.remote.ElementLocation$ElementFinder$2.findElement(ElementLocation.java:162)\r\n\tat org.openqa.selenium.remote.ElementLocation.findElement(ElementLocation.java:60)\r\n\tat org.openqa.selenium.remote.RemoteWebDriver.findElement(RemoteWebDriver.java:365)\r\n\tat org.openqa.selenium.remote.RemoteWebDriver.findElement(RemoteWebDriver.java:357)\r\n\tat java.base/jdk.internal.reflect.DirectMethodHandleAccessor.invoke(DirectMethodHandleAccessor.java:104)\r\n\tat java.base/java.lang.reflect.Method.invoke(Method.java:578)\r\n\tat org.openqa.selenium.support.ThreadGuard$WebDriverInvocationHandler.invokeUnderlying(ThreadGuard.java:101)\r\n\tat org.openqa.selenium.support.ThreadGuard$WebDriverInvocationHandler.invoke(ThreadGuard.java:93)\r\n\tat jdk.proxy2/jdk.proxy2.$Proxy23.findElement(Unknown Source)\r\n\tat Common.handle.WebUI.getWebElement(WebUI.java:347)\r\n\tat Common.handle.WebUI.scrollToElement(WebUI.java:1260)\r\n\tat Setup.project.pages.Cart.CartPage.getProdsInCart(CartPage.java:52)\r\n\tat TestCase.CartTest.loginInvalidUsername(CartTest.java:29)\r\n\tat java.base/jdk.internal.reflect.DirectMethodHandleAccessor.invoke(DirectMethodHandleAccessor.java:104)\r\n\tat java.base/java.lang.reflect.Method.invoke(Method.java:578)\r\n\tat org.testng.internal.MethodInvocationHelper.invokeMethod(MethodInvocationHelper.java:133)\r\n\tat org.testng.internal.TestInvoker.invokeMethod(TestInvoker.java:598)\r\n\tat org.testng.internal.TestInvoker.invokeTestMethod(TestInvoker.java:173)\r\n\tat org.testng.internal.MethodRunner.runInSequence(MethodRunner.java:46)\r\n\tat org.testng.internal.TestInvoker$MethodInvocationAgent.invoke(TestInvoker.java:824)\r\n\tat org.testng.internal.TestInvoker.invokeTestMethods(TestInvoker.java:146)\r\n\tat org.testng.internal.TestMethodWorker.invokeTestMethods(TestMethodWorker.java:146)\r\n\tat org.testng.internal.TestMethodWorker.run(TestMethodWorker.java:128)\r\n\tat java.base/java.util.ArrayList.forEach(ArrayList.java:1511)\r\n\tat org.testng.TestRunner.privateRun(TestRunner.java:794)\r\n\tat org.testng.TestRunner.run(TestRunner.java:596)\r\n\tat org.testng.SuiteRunner.runTest(SuiteRunner.java:377)\r\n\tat org.testng.SuiteRunner.runSequentially(SuiteRunner.java:371)\r\n\tat org.testng.SuiteRunner.privateRun(SuiteRunner.java:332)\r\n\tat org.testng.SuiteRunner.run(SuiteRunner.java:276)\r\n\tat org.testng.SuiteRunnerWorker.runSuite(SuiteRunnerWorker.java:53)\r\n\tat org.testng.SuiteRunnerWorker.run(SuiteRunnerWorker.java:96)\r\n\tat org.testng.TestNG.runSuitesSequentially(TestNG.java:1212)\r\n\tat org.testng.TestNG.runSuitesLocally(TestNG.java:1134)\r\n\tat org.testng.TestNG.runSuites(TestNG.java:1063)\r\n\tat org.testng.TestNG.run(TestNG.java:1031)\r\n\tat com.intellij.rt.testng.IDEARemoteTestNG.run(IDEARemoteTestNG.java:66)\r\n\tat com.intellij.rt.testng.RemoteTestNGStarter.main(RemoteTestNGStarter.java:109)\r\n"},"stage":"finished","steps":[{"name":"getProdsInCart","status":"broken","statusDetails":{"known":false,"muted":false,"flaky":false,"message":"invalid selector: Unable to locate an element with the xpath expression  because of the following error:\nSyntaxError: Failed to execute 'evaluate' on 'Document': The string '' is not a valid XPath expression.\n  (Session info: chrome=108.0.5359.125)\nFor documentation on this error, please visit: https://selenium.dev/exceptions/#invalid_selector_exception\nBuild info: version: '4.6.0', revision: '79f1c02ae20'\nSystem info: os.name: 'Windows 10', os.arch: 'amd64', os.version: '10.0', java.version: '19.0.1'\nDriver info: org.openqa.selenium.chrome.ChromeDriver\nCommand: [56212d2f4a8fc3a8482e23d3d0839a78, findElement {using=xpath, value=}]\nCapabilities {acceptInsecureCerts: false, browserName: chrome, browserVersion: 108.0.5359.125, chrome: {chromedriverVersion: 108.0.5359.71 (1e0e3868ee06..., userDataDir: C:\\Users\\Tanapoto\\AppData\\L...}, goog:chromeOptions: {debuggerAddress: localhost:55682}, networkConnectionEnabled: false, pageLoadStrategy: normal, platformName: WINDOWS, proxy: Proxy(), se:cdp: ws://localhost:55682/devtoo..., se:cdpVersion: 108.0.5359.125, setWindowRect: true, strictFileInteractability: false, timeouts: {implicit: 0, pageLoad: 300000, script: 30000}, unhandledPromptBehavior: dismiss and notify, webauthn:extension:credBlob: true, webauthn:extension:largeBlob: true, webauthn:virtualAuthenticators: true}\nSession ID: 56212d2f4a8fc3a8482e23d3d0839a78","trace":"org.openqa.selenium.InvalidSelectorException: invalid selector: Unable to locate an element with the xpath expression  because of the following error:\nSyntaxError: Failed to execute 'evaluate' on 'Document': The string '' is not a valid XPath expression.\n  (Session info: chrome=108.0.5359.125)\nFor documentation on this error, please visit: https://selenium.dev/exceptions/#invalid_selector_exception\nBuild info: version: '4.6.0', revision: '79f1c02ae20'\nSystem info: os.name: 'Windows 10', os.arch: 'amd64', os.version: '10.0', java.version: '19.0.1'\nDriver info: org.openqa.selenium.chrome.ChromeDriver\nCommand: [56212d2f4a8fc3a8482e23d3d0839a78, findElement {using=xpath, value=}]\nCapabilities {acceptInsecureCerts: false, browserName: chrome, browserVersion: 108.0.5359.125, chrome: {chromedriverVersion: 108.0.5359.71 (1e0e3868ee06..., userDataDir: C:\\Users\\Tanapoto\\AppData\\L...}, goog:chromeOptions: {debuggerAddress: localhost:55682}, networkConnectionEnabled: false, pageLoadStrategy: normal, platformName: WINDOWS, proxy: Proxy(), se:cdp: ws://localhost:55682/devtoo..., se:cdpVersion: 108.0.5359.125, setWindowRect: true, strictFileInteractability: false, timeouts: {implicit: 0, pageLoad: 300000, script: 30000}, unhandledPromptBehavior: dismiss and notify, webauthn:extension:credBlob: true, webauthn:extension:largeBlob: true, webauthn:virtualAuthenticators: true}\nSession ID: 56212d2f4a8fc3a8482e23d3d0839a78\r\n\tat java.base/jdk.internal.reflect.DirectConstructorHandleAccessor.newInstance(DirectConstructorHandleAccessor.java:67)\r\n\tat java.base/java.lang.reflect.Constructor.newInstanceWithCaller(Constructor.java:500)\r\n\tat java.base/java.lang.reflect.Constructor.newInstance(Constructor.java:484)\r\n\tat org.openqa.selenium.remote.codec.w3c.W3CHttpResponseCodec.createException(W3CHttpResponseCodec.java:200)\r\n\tat org.openqa.selenium.remote.codec.w3c.W3CHttpResponseCodec.decode(W3CHttpResponseCodec.java:133)\r\n\tat org.openqa.selenium.remote.codec.w3c.W3CHttpResponseCodec.decode(W3CHttpResponseCodec.java:53)\r\n\tat org.openqa.selenium.remote.HttpCommandExecutor.execute(HttpCommandExecutor.java:184)\r\n\tat org.openqa.selenium.remote.service.DriverCommandExecutor.invokeExecute(DriverCommandExecutor.java:167)\r\n\tat org.openqa.selenium.remote.service.DriverCommandExecutor.execute(DriverCommandExecutor.java:142)\r\n\tat org.openqa.selenium.remote.RemoteWebDriver.execute(RemoteWebDriver.java:541)\r\n\tat org.openqa.selenium.remote.ElementLocation$ElementFinder$2.findElement(ElementLocation.java:162)\r\n\tat org.openqa.selenium.remote.ElementLocation.findElement(ElementLocation.java:60)\r\n\tat org.openqa.selenium.remote.RemoteWebDriver.findElement(RemoteWebDriver.java:365)\r\n\tat org.openqa.selenium.remote.RemoteWebDriver.findElement(RemoteWebDriver.java:357)\r\n\tat java.base/jdk.internal.reflect.DirectMethodHandleAccessor.invoke(DirectMethodHandleAccessor.java:104)\r\n\tat java.base/java.lang.reflect.Method.invoke(Method.java:578)\r\n\tat org.openqa.selenium.support.ThreadGuard$WebDriverInvocationHandler.invokeUnderlying(ThreadGuard.java:101)\r\n\tat org.openqa.selenium.support.ThreadGuard$WebDriverInvocationHandler.invoke(ThreadGuard.java:93)\r\n\tat jdk.proxy2/jdk.proxy2.$Proxy23.findElement(Unknown Source)\r\n\tat Common.handle.WebUI.getWebElement(WebUI.java:347)\r\n\tat Common.handle.WebUI.scrollToElement(WebUI.java:1260)\r\n\tat Setup.project.pages.Cart.CartPage.getProdsInCart(CartPage.java:52)\r\n\tat TestCase.CartTest.loginInvalidUsername(CartTest.java:29)\r\n\tat java.base/jdk.internal.reflect.DirectMethodHandleAccessor.invoke(DirectMethodHandleAccessor.java:104)\r\n\tat java.base/java.lang.reflect.Method.invoke(Method.java:578)\r\n\tat org.testng.internal.MethodInvocationHelper.invokeMethod(MethodInvocationHelper.java:133)\r\n\tat org.testng.internal.TestInvoker.invokeMethod(TestInvoker.java:598)\r\n\tat org.testng.internal.TestInvoker.invokeTestMethod(TestInvoker.java:173)\r\n\tat org.testng.internal.MethodRunner.runInSequence(MethodRunner.java:46)\r\n\tat org.testng.internal.TestInvoker$MethodInvocationAgent.invoke(TestInvoker.java:824)\r\n\tat org.testng.internal.TestInvoker.invokeTestMethods(TestInvoker.java:146)\r\n\tat org.testng.internal.TestMethodWorker.invokeTestMethods(TestMethodWorker.java:146)\r\n\tat org.testng.internal.TestMethodWorker.run(TestMethodWorker.java:128)\r\n\tat java.base/java.util.ArrayList.forEach(ArrayList.java:1511)\r\n\tat org.testng.TestRunner.privateRun(TestRunner.java:794)\r\n\tat org.testng.TestRunner.run(TestRunner.java:596)\r\n\tat org.testng.SuiteRunner.runTest(SuiteRunner.java:377)\r\n\tat org.testng.SuiteRunner.runSequentially(SuiteRunner.java:371)\r\n\tat org.testng.SuiteRunner.privateRun(SuiteRunner.java:332)\r\n\tat org.testng.SuiteRunner.run(SuiteRunner.java:276)\r\n\tat org.testng.SuiteRunnerWorker.runSuite(SuiteRunnerWorker.java:53)\r\n\tat org.testng.SuiteRunnerWorker.run(SuiteRunnerWorker.java:96)\r\n\tat org.testng.TestNG.runSuitesSequentially(TestNG.java:1212)\r\n\tat org.testng.TestNG.runSuitesLocally(TestNG.java:1134)\r\n\tat org.testng.TestNG.runSuites(TestNG.java:1063)\r\n\tat org.testng.TestNG.run(TestNG.java:1031)\r\n\tat com.intellij.rt.testng.IDEARemoteTestNG.run(IDEARemoteTestNG.java:66)\r\n\tat com.intellij.rt.testng.RemoteTestNGStarter.main(RemoteTestNGStarter.java:109)\r\n"},"stage":"finished","steps":[{"name":"Open website with URL https://www.saucedemo.com/","status":"passed","stage":"finished","steps":[],"attachments":[{"name":"Open URL: https://www.saucedemo.com/","source":"a0f2f4ef-369d-4dbc-b69c-fae3b901ab18-attachment","type":"text/plain"}],"parameters":[{"name":"URL","value":"https://www.saucedemo.com/"}],"start":1671967504724,"stop":1671967505838},{"name":"Get Page Title","status":"passed","stage":"finished","steps":[],"attachments":[{"name":"Get Current Page Title: Swag Labs","source":"b151ab6f-7f2f-474c-8bde-be5fe0de97d2-attachment","type":"text/plain"}],"parameters":[],"start":1671967505847,"stop":1671967505880},{"name":"Clear value in textbox","status":"passed","stage":"finished","steps":[{"name":"Verify element visible By.xpath: //input[@id='user-name']","status":"passed","stage":"finished","steps":[],"attachments":[],"parameters":[{"name":"by","value":"By.xpath: //input[@id='user-name']"},{"name":"timeout","value":"1"}],"start":1671967505922,"stop":1671967505963}],"attachments":[{"name":"Clear value in textbox","source":"8252d129-369f-4db0-84c8-6867bca1f169-attachment","type":"text/plain"}],"parameters":[{"name":"by","value":"By.xpath: //input[@id='user-name']"}],"start":1671967505883,"stop":1671967506025},{"name":"Clear value in textbox","status":"passed","stage":"finished","steps":[{"name":"Verify element visible By.xpath: //input[@id='password']","status":"passed","stage":"finished","steps":[],"attachments":[],"parameters":[{"name":"by","value":"By.xpath: //input[@id='password']"},{"name":"timeout","value":"1"}],"start":1671967506048,"stop":1671967506073}],"attachments":[{"name":"Clear value in textbox","source":"8ec84f2a-b81b-480c-a835-8d544e21d880-attachment","type":"text/plain"}],"parameters":[{"name":"by","value":"By.xpath: //input[@id='password']"}],"start":1671967506025,"stop":1671967506128},{"name":"Set text on textbox","status":"passed","stage":"finished","steps":[{"name":"Verify element visible By.xpath: //input[@id='user-name']","status":"passed","stage":"finished","steps":[],"attachments":[],"parameters":[{"name":"by","value":"By.xpath: //input[@id='user-name']"},{"name":"timeout","value":"1"}],"start":1671967506149,"stop":1671967506172}],"attachments":[{"name":"Set text standard_user on By.xpath: //input[@id='user-name']","source":"4dacf4aa-afee-4751-91ce-1adf3027caa7-attachment","type":"text/plain"}],"parameters":[{"name":"by","value":"By.xpath: //input[@id='user-name']"},{"name":"value","value":"standard_user"}],"start":1671967506129,"stop":1671967506261},{"name":"Set text on textbox","status":"passed","stage":"finished","steps":[{"name":"Verify element visible By.xpath: //input[@id='password']","status":"passed","stage":"finished","steps":[],"attachments":[],"parameters":[{"name":"by","value":"By.xpath: //input[@id='password']"},{"name":"timeout","value":"1"}],"start":1671967506281,"stop":1671967506305}],"attachments":[{"name":"Set text secret_sauce on By.xpath: //input[@id='password']","source":"cababee5-d0d5-45a4-9bca-dc2b44991241-attachment","type":"text/plain"}],"parameters":[{"name":"by","value":"By.xpath: //input[@id='password']"},{"name":"value","value":"secret_sauce"}],"start":1671967506261,"stop":1671967506394},{"name":"Click on the element By.xpath: //input[@id='login-button']","status":"passed","stage":"finished","steps":[{"name":"Verify element visible By.xpath: //input[@id='login-button']","status":"passed","stage":"finished","steps":[],"attachments":[],"parameters":[{"name":"by","value":"By.xpath: //input[@id='login-button']"},{"name":"timeout","value":"1"}],"start":1671967506424,"stop":1671967506447}],"attachments":[{"name":"Clicked on the object By.xpath: //input[@id='login-button']","source":"c7e0222e-99c3-439c-b5c0-bbdbbafcddb3-attachment","type":"text/plain"}],"parameters":[{"name":"by","value":"By.xpath: //input[@id='login-button']"}],"start":1671967506395,"stop":1671967506561},{"name":"Verify Page Url https://www.saucedemo.com/inventory.html","status":"passed","stage":"finished","steps":[],"attachments":[],"parameters":[{"name":"pageUrl","value":"https://www.saucedemo.com/inventory.html"}],"start":1671967506567,"stop":1671967506584},{"name":"Loaded all properties files","status":"passed","stage":"finished","steps":[],"attachments":[],"parameters":[],"start":1671967506587,"stop":1671967506588},{"name":"Scroll to element [[ChromeDriver: chrome on WINDOWS (56212d2f4a8fc3a8482e23d3d0839a78)] -> xpath: //div[1]/div[1]/div[1]/div[1]/div[2]/div[2]/button[1]]","status":"passed","stage":"finished","steps":[],"attachments":[],"parameters":[{"name":"element","value":"[[ChromeDriver: chrome on WINDOWS (56212d2f4a8fc3a8482e23d3d0839a78)] -> xpath: //div[1]/div[1]/div[1]/div[1]/div[2]/div[2]/button[1]]"}],"start":1671967506681,"stop":1671967506692},{"name":"Scroll to element [[ChromeDriver: chrome on WINDOWS (56212d2f4a8fc3a8482e23d3d0839a78)] -> xpath: //div[1]/div[1]/div[1]/div[2]/div[2]/div[2]/button[1]]","status":"passed","stage":"finished","steps":[],"attachments":[],"parameters":[{"name":"element","value":"[[ChromeDriver: chrome on WINDOWS (56212d2f4a8fc3a8482e23d3d0839a78)] -> xpath: //div[1]/div[1]/div[1]/div[2]/div[2]/div[2]/button[1]]"}],"start":1671967506745,"stop":1671967506757},{"name":"Scroll to element [[ChromeDriver: chrome on WINDOWS (56212d2f4a8fc3a8482e23d3d0839a78)] -> xpath: //div[1]/div[1]/div[1]/div[3]/div[2]/div[2]/button[1]]","status":"passed","stage":"finished","steps":[],"attachments":[],"parameters":[{"name":"element","value":"[[ChromeDriver: chrome on WINDOWS (56212d2f4a8fc3a8482e23d3d0839a78)] -> xpath: //div[1]/div[1]/div[1]/div[3]/div[2]/div[2]/button[1]]"}],"start":1671967506804,"stop":1671967506815},{"name":"Scroll to element [[ChromeDriver: chrome on WINDOWS (56212d2f4a8fc3a8482e23d3d0839a78)] -> xpath: //div[1]/div[1]/div[1]/div[4]/div[2]/div[2]/button[1]]","status":"passed","stage":"finished","steps":[],"attachments":[],"parameters":[{"name":"element","value":"[[ChromeDriver: chrome on WINDOWS (56212d2f4a8fc3a8482e23d3d0839a78)] -> xpath: //div[1]/div[1]/div[1]/div[4]/div[2]/div[2]/button[1]]"}],"start":1671967506868,"stop":1671967506877},{"name":"Scroll to element [[ChromeDriver: chrome on WINDOWS (56212d2f4a8fc3a8482e23d3d0839a78)] -> xpath: //div[1]/div[1]/div[1]/div[5]/div[2]/div[2]/button[1]]","status":"passed","stage":"finished","steps":[],"attachments":[],"parameters":[{"name":"element","value":"[[ChromeDriver: chrome on WINDOWS (56212d2f4a8fc3a8482e23d3d0839a78)] -> xpath: //div[1]/div[1]/div[1]/div[5]/div[2]/div[2]/button[1]]"}],"start":1671967506932,"stop":1671967506941},{"name":"Scroll to element [[ChromeDriver: chrome on WINDOWS (56212d2f4a8fc3a8482e23d3d0839a78)] -> xpath: //div[1]/div[1]/div[1]/div[6]/div[2]/div[2]/button[1]]","status":"passed","stage":"finished","steps":[],"attachments":[],"parameters":[{"name":"element","value":"[[ChromeDriver: chrome on WINDOWS (56212d2f4a8fc3a8482e23d3d0839a78)] -> xpath: //div[1]/div[1]/div[1]/div[6]/div[2]/div[2]/button[1]]"}],"start":1671967507024,"stop":1671967507046},{"name":"Click on the element By.xpath: //a[@class='shopping_cart_link']","status":"passed","stage":"finished","steps":[{"name":"Verify element visible By.xpath: //a[@class='shopping_cart_link']","status":"passed","stage":"finished","steps":[],"attachments":[],"parameters":[{"name":"by","value":"By.xpath: //a[@class='shopping_cart_link']"},{"name":"timeout","value":"1"}],"start":1671967507121,"stop":1671967507145}],"attachments":[{"name":"Clicked on the object By.xpath: //a[@class='shopping_cart_link']","source":"fc9be648-2d7d-4e90-8e94-72b99ce8fdc6-attachment","type":"text/plain"}],"parameters":[{"name":"by","value":"By.xpath: //a[@class='shopping_cart_link']"}],"start":1671967507100,"stop":1671967507212},{"name":"Verify Page Url https://www.saucedemo.com/cart.html","status":"passed","stage":"finished","steps":[],"attachments":[],"parameters":[{"name":"pageUrl","value":"https://www.saucedemo.com/cart.html"}],"start":1671967507212,"stop":1671967507231},{"name":"Scroll to element By.xpath: ","status":"broken","statusDetails":{"known":false,"muted":false,"flaky":false,"message":"invalid selector: Unable to locate an element with the xpath expression  because of the following error:\nSyntaxError: Failed to execute 'evaluate' on 'Document': The string '' is not a valid XPath expression.\n  (Session info: chrome=108.0.5359.125)\nFor documentation on this error, please visit: https://selenium.dev/exceptions/#invalid_selector_exception\nBuild info: version: '4.6.0', revision: '79f1c02ae20'\nSystem info: os.name: 'Windows 10', os.arch: 'amd64', os.version: '10.0', java.version: '19.0.1'\nDriver info: org.openqa.selenium.chrome.ChromeDriver\nCommand: [56212d2f4a8fc3a8482e23d3d0839a78, findElement {using=xpath, value=}]\nCapabilities {acceptInsecureCerts: false, browserName: chrome, browserVersion: 108.0.5359.125, chrome: {chromedriverVersion: 108.0.5359.71 (1e0e3868ee06..., userDataDir: C:\\Users\\Tanapoto\\AppData\\L...}, goog:chromeOptions: {debuggerAddress: localhost:55682}, networkConnectionEnabled: false, pageLoadStrategy: normal, platformName: WINDOWS, proxy: Proxy(), se:cdp: ws://localhost:55682/devtoo..., se:cdpVersion: 108.0.5359.125, setWindowRect: true, strictFileInteractability: false, timeouts: {implicit: 0, pageLoad: 300000, script: 30000}, unhandledPromptBehavior: dismiss and notify, webauthn:extension:credBlob: true, webauthn:extension:largeBlob: true, webauthn:virtualAuthenticators: true}\nSession ID: 56212d2f4a8fc3a8482e23d3d0839a78","trace":"org.openqa.selenium.InvalidSelectorException: invalid selector: Unable to locate an element with the xpath expression  because of the following error:\nSyntaxError: Failed to execute 'evaluate' on 'Document': The string '' is not a valid XPath expression.\n  (Session info: chrome=108.0.5359.125)\nFor documentation on this error, please visit: https://selenium.dev/exceptions/#invalid_selector_exception\nBuild info: version: '4.6.0', revision: '79f1c02ae20'\nSystem info: os.name: 'Windows 10', os.arch: 'amd64', os.version: '10.0', java.version: '19.0.1'\nDriver info: org.openqa.selenium.chrome.ChromeDriver\nCommand: [56212d2f4a8fc3a8482e23d3d0839a78, findElement {using=xpath, value=}]\nCapabilities {acceptInsecureCerts: false, browserName: chrome, browserVersion: 108.0.5359.125, chrome: {chromedriverVersion: 108.0.5359.71 (1e0e3868ee06..., userDataDir: C:\\Users\\Tanapoto\\AppData\\L...}, goog:chromeOptions: {debuggerAddress: localhost:55682}, networkConnectionEnabled: false, pageLoadStrategy: normal, platformName: WINDOWS, proxy: Proxy(), se:cdp: ws://localhost:55682/devtoo..., se:cdpVersion: 108.0.5359.125, setWindowRect: true, strictFileInteractability: false, timeouts: {implicit: 0, pageLoad: 300000, script: 30000}, unhandledPromptBehavior: dismiss and notify, webauthn:extension:credBlob: true, webauthn:extension:largeBlob: true, webauthn:virtualAuthenticators: true}\nSession ID: 56212d2f4a8fc3a8482e23d3d0839a78\r\n\tat java.base/jdk.internal.reflect.DirectConstructorHandleAccessor.newInstance(DirectConstructorHandleAccessor.java:67)\r\n\tat java.base/java.lang.reflect.Constructor.newInstanceWithCaller(Constructor.java:500)\r\n\tat java.base/java.lang.reflect.Constructor.newInstance(Constructor.java:484)\r\n\tat org.openqa.selenium.remote.codec.w3c.W3CHttpResponseCodec.createException(W3CHttpResponseCodec.java:200)\r\n\tat org.openqa.selenium.remote.codec.w3c.W3CHttpResponseCodec.decode(W3CHttpResponseCodec.java:133)\r\n\tat org.openqa.selenium.remote.codec.w3c.W3CHttpResponseCodec.decode(W3CHttpResponseCodec.java:53)\r\n\tat org.openqa.selenium.remote.HttpCommandExecutor.execute(HttpCommandExecutor.java:184)\r\n\tat org.openqa.selenium.remote.service.DriverCommandExecutor.invokeExecute(DriverCommandExecutor.java:167)\r\n\tat org.openqa.selenium.remote.service.DriverCommandExecutor.execute(DriverCommandExecutor.java:142)\r\n\tat org.openqa.selenium.remote.RemoteWebDriver.execute(RemoteWebDriver.java:541)\r\n\tat org.openqa.selenium.remote.ElementLocation$ElementFinder$2.findElement(ElementLocation.java:162)\r\n\tat org.openqa.selenium.remote.ElementLocation.findElement(ElementLocation.java:60)\r\n\tat org.openqa.selenium.remote.RemoteWebDriver.findElement(RemoteWebDriver.java:365)\r\n\tat org.openqa.selenium.remote.RemoteWebDriver.findElement(RemoteWebDriver.java:357)\r\n\tat java.base/jdk.internal.reflect.DirectMethodHandleAccessor.invoke(DirectMethodHandleAccessor.java:104)\r\n\tat java.base/java.lang.reflect.Method.invoke(Method.java:578)\r\n\tat org.openqa.selenium.support.ThreadGuard$WebDriverInvocationHandler.invokeUnderlying(ThreadGuard.java:101)\r\n\tat org.openqa.selenium.support.ThreadGuard$WebDriverInvocationHandler.invoke(ThreadGuard.java:93)\r\n\tat jdk.proxy2/jdk.proxy2.$Proxy23.findElement(Unknown Source)\r\n\tat Common.handle.WebUI.getWebElement(WebUI.java:347)\r\n\tat Common.handle.WebUI.scrollToElement(WebUI.java:1260)\r\n\tat Setup.project.pages.Cart.CartPage.getProdsInCart(CartPage.java:52)\r\n\tat TestCase.CartTest.loginInvalidUsername(CartTest.java:29)\r\n\tat java.base/jdk.internal.reflect.DirectMethodHandleAccessor.invoke(DirectMethodHandleAccessor.java:104)\r\n\tat java.base/java.lang.reflect.Method.invoke(Method.java:578)\r\n\tat org.testng.internal.MethodInvocationHelper.invokeMethod(MethodInvocationHelper.java:133)\r\n\tat org.testng.internal.TestInvoker.invokeMethod(TestInvoker.java:598)\r\n\tat org.testng.internal.TestInvoker.invokeTestMethod(TestInvoker.java:173)\r\n\tat org.testng.internal.MethodRunner.runInSequence(MethodRunner.java:46)\r\n\tat org.testng.internal.TestInvoker$MethodInvocationAgent.invoke(TestInvoker.java:824)\r\n\tat org.testng.internal.TestInvoker.invokeTestMethods(TestInvoker.java:146)\r\n\tat org.testng.internal.TestMethodWorker.invokeTestMethods(TestMethodWorker.java:146)\r\n\tat org.testng.internal.TestMethodWorker.run(TestMethodWorker.java:128)\r\n\tat java.base/java.util.ArrayList.forEach(ArrayList.java:1511)\r\n\tat org.testng.TestRunner.privateRun(TestRunner.java:794)\r\n\tat org.testng.TestRunner.run(TestRunner.java:596)\r\n\tat org.testng.SuiteRunner.runTest(SuiteRunner.java:377)\r\n\tat org.testng.SuiteRunner.runSequentially(SuiteRunner.java:371)\r\n\tat org.testng.SuiteRunner.privateRun(SuiteRunner.java:332)\r\n\tat org.testng.SuiteRunner.run(SuiteRunner.java:276)\r\n\tat org.testng.SuiteRunnerWorker.runSuite(SuiteRunnerWorker.java:53)\r\n\tat org.testng.SuiteRunnerWorker.run(SuiteRunnerWorker.java:96)\r\n\tat org.testng.TestNG.runSuitesSequentially(TestNG.java:1212)\r\n\tat org.testng.TestNG.runSuitesLocally(TestNG.java:1134)\r\n\tat org.testng.TestNG.runSuites(TestNG.java:1063)\r\n\tat org.testng.TestNG.run(TestNG.java:1031)\r\n\tat com.intellij.rt.testng.IDEARemoteTestNG.run(IDEARemoteTestNG.java:66)\r\n\tat com.intellij.rt.testng.RemoteTestNGStarter.main(RemoteTestNGStarter.java:109)\r\n"},"stage":"finished","steps":[],"attachments":[],"parameters":[{"name":"by","value":"By.xpath: "}],"start":1671967507248,"stop":1671967507278}],"attachments":[],"parameters":[{"name":"data","value":"{CART_LINK=https://www.saucedemo.com/cart.html, PRODUCT_DESCRIPTION=carry.allTheThings() with the sleek, streamlined Sly Pack that melds uncompromising style with unequaled laptop and tablet protection., TESTCASEID=getCaseData, PRODUCT_PRICE=29.99, PRODUCT_NAME=Sauce Labs Backpack}"}],"start":1671967504498,"stop":1671967507278}],"attachments":[{"name":"Failed test screenshot","source":"b644e6ef-bb1d-4a4c-b3a9-b27a11dc80c0-attachment","type":"image/png"},{"name":"org.openqa.selenium.InvalidSelectorException: invalid selector: Unable to locate an element with the xpath expression  because of the following error:\nSyntaxError: Failed to execute 'evaluate' on 'Document': The string '' is not a valid XPath expression.\n  (Session info: chrome=108.0.5359.125)\nFor documentation on this error, please visit: https://selenium.dev/exceptions/#invalid_selector_exception\nBuild info: version: '4.6.0', revision: '79f1c02ae20'\nSystem info: os.name: 'Windows 10', os.arch: 'amd64', os.version: '10.0', java.version: '19.0.1'\nDriver info: org.openqa.selenium.chrome.ChromeDriver\nCommand: [56212d2f4a8fc3a8482e23d3d0839a78, findElement {using=xpath, value=}]\nCapabilities {acceptInsecureCerts: false, browserName: chrome, browserVersion: 108.0.5359.125, chrome: {chromedriverVersion: 108.0.5359.71 (1e0e3868ee06..., userDataDir: C:\\Users\\Tanapoto\\AppData\\L...}, goog:chromeOptions: {debuggerAddress: localhost:55682}, networkConnectionEnabled: false, pageLoadStrategy: normal, platformName: WINDOWS, proxy: Proxy(), se:cdp: ws://localhost:55682/devtoo..., se:cdpVersion: 108.0.5359.125, setWindowRect: true, strictFileInteractability: false, timeouts: {implicit: 0, pageLoad: 300000, script: 30000}, unhandledPromptBehavior: dismiss and notify, webauthn:extension:credBlob: true, webauthn:extension:largeBlob: true, webauthn:virtualAuthenticators: true}\nSession ID: 56212d2f4a8fc3a8482e23d3d0839a78","source":"4997e044-e727-4693-b7e1-aa4d1829a71c-attachment","type":"text/plain"}],"parameters":[{"name":"URL","value":"https://www.saucedemo.com/"},{"name":"browserType","value":"chrome"},{"name":"arg0","value":"{CART_LINK=https://www.saucedemo.com/cart.html, PRODUCT_DESCRIPTION=carry.allTheThings() with the sleek, streamlined Sly Pack that melds uncompromising style with unequaled laptop and tablet protection., TESTCASEID=getCaseData, PRODUCT_PRICE=29.99, PRODUCT_NAME=Sauce Labs Backpack}"}],"start":1671967504495,"stop":1671967507977}