{"uuid":"f372242b-4b59-439b-94d5-0fb72f13c65a","historyId":"5de9985ab8b031ee78c3ebd5582eb786","fullName":"TestCase.CartTest.loginInvalidUsername","labels":[{"name":"package","value":"TestCase.CartTest"},{"name":"testClass","value":"TestCase.CartTest"},{"name":"testMethod","value":"loginInvalidUsername"},{"name":"parentSuite","value":"Sauce_demo"},{"name":"suite","value":"Selenium_PJ_Test"},{"name":"subSuite","value":"TestCase.CartTest"},{"name":"host","value":"DESKTOP-NOCLH30"},{"name":"thread","value":"7524@DESKTOP-NOCLH30.main(1)"},{"name":"framework","value":"testng"},{"name":"language","value":"java"},{"name":"feature","value":"Cart Test"},{"name":"epic","value":"Regression Test Automation Practice"}],"links":[],"name":"loginInvalidUsername","status":"failed","statusDetails":{"known":false,"muted":false,"flaky":false,"message":"Element not exist. By.xpath: //a[@class='shopping_cart_link']","trace":"java.lang.AssertionError: Element not exist. By.xpath: //a[@class='shopping_cart_link']\r\n\tat org.testng.Assert.fail(Assert.java:99)\r\n\tat Common.handle.WebUI.waitForElementPresent(WebUI.java:1805)\r\n\tat Common.handle.WebUI.waitForElementVisible(WebUI.java:1739)\r\n\tat Common.handle.WebUI.clickElement(WebUI.java:1535)\r\n\tat Setup.project.pages.Cart.CartPage.getProdsInCart(CartPage.java:41)\r\n\tat TestCase.CartTest.loginInvalidUsername(CartTest.java:30)\r\n\tat java.base/jdk.internal.reflect.DirectMethodHandleAccessor.invoke(DirectMethodHandleAccessor.java:104)\r\n\tat java.base/java.lang.reflect.Method.invoke(Method.java:578)\r\n\tat org.testng.internal.MethodInvocationHelper.invokeMethod(MethodInvocationHelper.java:133)\r\n\tat org.testng.internal.TestInvoker.invokeMethod(TestInvoker.java:598)\r\n\tat org.testng.internal.TestInvoker.invokeTestMethod(TestInvoker.java:173)\r\n\tat org.testng.internal.MethodRunner.runInSequence(MethodRunner.java:46)\r\n\tat org.testng.internal.TestInvoker$MethodInvocationAgent.invoke(TestInvoker.java:824)\r\n\tat org.testng.internal.TestInvoker.invokeTestMethods(TestInvoker.java:146)\r\n\tat org.testng.internal.TestMethodWorker.invokeTestMethods(TestMethodWorker.java:146)\r\n\tat org.testng.internal.TestMethodWorker.run(TestMethodWorker.java:128)\r\n\tat java.base/java.util.ArrayList.forEach(ArrayList.java:1511)\r\n\tat org.testng.TestRunner.privateRun(TestRunner.java:794)\r\n\tat org.testng.TestRunner.run(TestRunner.java:596)\r\n\tat org.testng.SuiteRunner.runTest(SuiteRunner.java:377)\r\n\tat org.testng.SuiteRunner.runSequentially(SuiteRunner.java:371)\r\n\tat org.testng.SuiteRunner.privateRun(SuiteRunner.java:332)\r\n\tat org.testng.SuiteRunner.run(SuiteRunner.java:276)\r\n\tat org.testng.SuiteRunnerWorker.runSuite(SuiteRunnerWorker.java:53)\r\n\tat org.testng.SuiteRunnerWorker.run(SuiteRunnerWorker.java:96)\r\n\tat org.testng.TestNG.runSuitesSequentially(TestNG.java:1212)\r\n\tat org.testng.TestNG.runSuitesLocally(TestNG.java:1134)\r\n\tat org.testng.TestNG.runSuites(TestNG.java:1063)\r\n\tat org.testng.TestNG.run(TestNG.java:1031)\r\n\tat com.intellij.rt.testng.IDEARemoteTestNG.run(IDEARemoteTestNG.java:66)\r\n\tat com.intellij.rt.testng.RemoteTestNGStarter.main(RemoteTestNGStarter.java:109)\r\n"},"stage":"finished","steps":[{"name":"getProdsInCart","status":"failed","statusDetails":{"known":false,"muted":false,"flaky":false,"message":"Element not exist. By.xpath: //a[@class='shopping_cart_link']","trace":"java.lang.AssertionError: Element not exist. By.xpath: //a[@class='shopping_cart_link']\r\n\tat org.testng.Assert.fail(Assert.java:99)\r\n\tat Common.handle.WebUI.waitForElementPresent(WebUI.java:1805)\r\n\tat Common.handle.WebUI.waitForElementVisible(WebUI.java:1739)\r\n\tat Common.handle.WebUI.clickElement(WebUI.java:1535)\r\n\tat Setup.project.pages.Cart.CartPage.getProdsInCart(CartPage.java:41)\r\n\tat TestCase.CartTest.loginInvalidUsername(CartTest.java:30)\r\n\tat java.base/jdk.internal.reflect.DirectMethodHandleAccessor.invoke(DirectMethodHandleAccessor.java:104)\r\n\tat java.base/java.lang.reflect.Method.invoke(Method.java:578)\r\n\tat org.testng.internal.MethodInvocationHelper.invokeMethod(MethodInvocationHelper.java:133)\r\n\tat org.testng.internal.TestInvoker.invokeMethod(TestInvoker.java:598)\r\n\tat org.testng.internal.TestInvoker.invokeTestMethod(TestInvoker.java:173)\r\n\tat org.testng.internal.MethodRunner.runInSequence(MethodRunner.java:46)\r\n\tat org.testng.internal.TestInvoker$MethodInvocationAgent.invoke(TestInvoker.java:824)\r\n\tat org.testng.internal.TestInvoker.invokeTestMethods(TestInvoker.java:146)\r\n\tat org.testng.internal.TestMethodWorker.invokeTestMethods(TestMethodWorker.java:146)\r\n\tat org.testng.internal.TestMethodWorker.run(TestMethodWorker.java:128)\r\n\tat java.base/java.util.ArrayList.forEach(ArrayList.java:1511)\r\n\tat org.testng.TestRunner.privateRun(TestRunner.java:794)\r\n\tat org.testng.TestRunner.run(TestRunner.java:596)\r\n\tat org.testng.SuiteRunner.runTest(SuiteRunner.java:377)\r\n\tat org.testng.SuiteRunner.runSequentially(SuiteRunner.java:371)\r\n\tat org.testng.SuiteRunner.privateRun(SuiteRunner.java:332)\r\n\tat org.testng.SuiteRunner.run(SuiteRunner.java:276)\r\n\tat org.testng.SuiteRunnerWorker.runSuite(SuiteRunnerWorker.java:53)\r\n\tat org.testng.SuiteRunnerWorker.run(SuiteRunnerWorker.java:96)\r\n\tat org.testng.TestNG.runSuitesSequentially(TestNG.java:1212)\r\n\tat org.testng.TestNG.runSuitesLocally(TestNG.java:1134)\r\n\tat org.testng.TestNG.runSuites(TestNG.java:1063)\r\n\tat org.testng.TestNG.run(TestNG.java:1031)\r\n\tat com.intellij.rt.testng.IDEARemoteTestNG.run(IDEARemoteTestNG.java:66)\r\n\tat com.intellij.rt.testng.RemoteTestNGStarter.main(RemoteTestNGStarter.java:109)\r\n"},"stage":"finished","steps":[{"name":"Loaded all properties files","status":"passed","stage":"finished","steps":[],"attachments":[],"parameters":[],"start":1671966099154,"stop":1671966099155},{"name":"Loaded all properties files","status":"passed","stage":"finished","steps":[],"attachments":[],"parameters":[],"start":1671966099158,"stop":1671966099158},{"name":"Click on the element By.xpath: //a[@class='shopping_cart_link']","status":"failed","statusDetails":{"known":false,"muted":false,"flaky":false,"message":"Element not exist. By.xpath: //a[@class='shopping_cart_link']","trace":"java.lang.AssertionError: Element not exist. By.xpath: //a[@class='shopping_cart_link']\r\n\tat org.testng.Assert.fail(Assert.java:99)\r\n\tat Common.handle.WebUI.waitForElementPresent(WebUI.java:1805)\r\n\tat Common.handle.WebUI.waitForElementVisible(WebUI.java:1739)\r\n\tat Common.handle.WebUI.clickElement(WebUI.java:1535)\r\n\tat Setup.project.pages.Cart.CartPage.getProdsInCart(CartPage.java:41)\r\n\tat TestCase.CartTest.loginInvalidUsername(CartTest.java:30)\r\n\tat java.base/jdk.internal.reflect.DirectMethodHandleAccessor.invoke(DirectMethodHandleAccessor.java:104)\r\n\tat java.base/java.lang.reflect.Method.invoke(Method.java:578)\r\n\tat org.testng.internal.MethodInvocationHelper.invokeMethod(MethodInvocationHelper.java:133)\r\n\tat org.testng.internal.TestInvoker.invokeMethod(TestInvoker.java:598)\r\n\tat org.testng.internal.TestInvoker.invokeTestMethod(TestInvoker.java:173)\r\n\tat org.testng.internal.MethodRunner.runInSequence(MethodRunner.java:46)\r\n\tat org.testng.internal.TestInvoker$MethodInvocationAgent.invoke(TestInvoker.java:824)\r\n\tat org.testng.internal.TestInvoker.invokeTestMethods(TestInvoker.java:146)\r\n\tat org.testng.internal.TestMethodWorker.invokeTestMethods(TestMethodWorker.java:146)\r\n\tat org.testng.internal.TestMethodWorker.run(TestMethodWorker.java:128)\r\n\tat java.base/java.util.ArrayList.forEach(ArrayList.java:1511)\r\n\tat org.testng.TestRunner.privateRun(TestRunner.java:794)\r\n\tat org.testng.TestRunner.run(TestRunner.java:596)\r\n\tat org.testng.SuiteRunner.runTest(SuiteRunner.java:377)\r\n\tat org.testng.SuiteRunner.runSequentially(SuiteRunner.java:371)\r\n\tat org.testng.SuiteRunner.privateRun(SuiteRunner.java:332)\r\n\tat org.testng.SuiteRunner.run(SuiteRunner.java:276)\r\n\tat org.testng.SuiteRunnerWorker.runSuite(SuiteRunnerWorker.java:53)\r\n\tat org.testng.SuiteRunnerWorker.run(SuiteRunnerWorker.java:96)\r\n\tat org.testng.TestNG.runSuitesSequentially(TestNG.java:1212)\r\n\tat org.testng.TestNG.runSuitesLocally(TestNG.java:1134)\r\n\tat org.testng.TestNG.runSuites(TestNG.java:1063)\r\n\tat org.testng.TestNG.run(TestNG.java:1031)\r\n\tat com.intellij.rt.testng.IDEARemoteTestNG.run(IDEARemoteTestNG.java:66)\r\n\tat com.intellij.rt.testng.RemoteTestNGStarter.main(RemoteTestNGStarter.java:109)\r\n"},"stage":"finished","steps":[],"attachments":[],"parameters":[{"name":"by","value":"By.xpath: //a[@class='shopping_cart_link']"}],"start":1671966099399,"stop":1671966109794}],"attachments":[],"parameters":[{"name":"data","value":"{CART_LINK=https://www.saucedemo.com/cart.html, PRODUCT_DESCRIPTION=carry.allTheThings() with the sleek, streamlined Sly Pack that melds uncompromising style with unequaled laptop and tablet protection., TESTCASEID=getCaseData, PRODUCT_PRICE=29.99, PRODUCT_NAME=Sauce Labs Backpack}"}],"start":1671966099151,"stop":1671966109794}],"attachments":[{"name":"Failed test screenshot","source":"0e95aee0-0d91-407a-89a3-514bea502581-attachment","type":"image/png"},{"name":"java.lang.AssertionError: Element not exist. By.xpath: //a[@class='shopping_cart_link']","source":"32f9d321-1c73-4479-9a29-7d52e3988c7b-attachment","type":"text/plain"}],"parameters":[{"name":"URL","value":"https://www.saucedemo.com/"},{"name":"browserType","value":"chrome"},{"name":"arg0","value":"{CART_LINK=https://www.saucedemo.com/cart.html, PRODUCT_DESCRIPTION=carry.allTheThings() with the sleek, streamlined Sly Pack that melds uncompromising style with unequaled laptop and tablet protection., TESTCASEID=getCaseData, PRODUCT_PRICE=29.99, PRODUCT_NAME=Sauce Labs Backpack}"}],"start":1671966099148,"stop":1671966110502}